[0.016s] Invoking command in '/home/punosie/turtlebot3_ws/build/turtlebot3_description': CMAKE_PREFIX_PATH=${CMAKE_PREFIX_PATH}:/home/punosie/turtlebot3_ws/install/turtlebot3_teleop:/home/punosie/turtlebot3_ws/install/turtlebot3_example:/opt/ros/humble /usr/bin/cmake /home/punosie/turtlebot3_ws/src/turtlebot3/turtlebot3_description -DCMAKE_INSTALL_PREFIX=/home/punosie/turtlebot3_ws/install/turtlebot3_description
[0.203s] -- The C compiler identification is GNU 11.4.0
[0.334s] -- The CXX compiler identification is GNU 11.4.0
[0.349s] -- Detecting C compiler ABI info
[0.457s] -- Detecting C compiler ABI info - done
[0.468s] -- Check for working C compiler: /usr/bin/cc - skipped
[0.469s] -- Detecting C compile features
[0.470s] -- Detecting C compile features - done
[0.474s] -- Detecting CXX compiler ABI info
[0.593s] -- Detecting CXX compiler ABI info - done
[0.608s] -- Check for working CXX compiler: /usr/bin/c++ - skipped
[0.608s] -- Detecting CXX compile features
[0.609s] -- Detecting CXX compile features - done
[0.617s] -- Found ament_cmake: 1.3.11 (/opt/ros/humble/share/ament_cmake/cmake)
[0.848s] -- Found Python3: /usr/bin/python3 (found version "3.10.12") found components: Interpreter 
[0.991s] -- Found urdf: 2.6.1 (/opt/ros/humble/share/urdf/cmake)
[1.171s] -- Configuring done
[1.176s] -- Generating done
[1.178s] -- Build files have been written to: /home/punosie/turtlebot3_ws/build/turtlebot3_description
[1.187s] Invoked command in '/home/punosie/turtlebot3_ws/build/turtlebot3_description' returned '0': CMAKE_PREFIX_PATH=${CMAKE_PREFIX_PATH}:/home/punosie/turtlebot3_ws/install/turtlebot3_teleop:/home/punosie/turtlebot3_ws/install/turtlebot3_example:/opt/ros/humble /usr/bin/cmake /home/punosie/turtlebot3_ws/src/turtlebot3/turtlebot3_description -DCMAKE_INSTALL_PREFIX=/home/punosie/turtlebot3_ws/install/turtlebot3_description
[1.190s] Invoking command in '/home/punosie/turtlebot3_ws/build/turtlebot3_description': CMAKE_PREFIX_PATH=${CMAKE_PREFIX_PATH}:/home/punosie/turtlebot3_ws/install/turtlebot3_teleop:/home/punosie/turtlebot3_ws/install/turtlebot3_example:/opt/ros/humble /usr/bin/cmake --build /home/punosie/turtlebot3_ws/build/turtlebot3_description -- -j12 -l12
[1.246s] Invoked command in '/home/punosie/turtlebot3_ws/build/turtlebot3_description' returned '0': CMAKE_PREFIX_PATH=${CMAKE_PREFIX_PATH}:/home/punosie/turtlebot3_ws/install/turtlebot3_teleop:/home/punosie/turtlebot3_ws/install/turtlebot3_example:/opt/ros/humble /usr/bin/cmake --build /home/punosie/turtlebot3_ws/build/turtlebot3_description -- -j12 -l12
[1.261s] Invoking command in '/home/punosie/turtlebot3_ws/build/turtlebot3_description': CMAKE_PREFIX_PATH=${CMAKE_PREFIX_PATH}:/home/punosie/turtlebot3_ws/install/turtlebot3_teleop:/home/punosie/turtlebot3_ws/install/turtlebot3_example:/opt/ros/humble /usr/bin/cmake --install /home/punosie/turtlebot3_ws/build/turtlebot3_description
[1.270s] -- Install configuration: ""
[1.270s] -- Installing: /home/punosie/turtlebot3_ws/install/turtlebot3_description/share/turtlebot3_description/meshes
[1.271s] -- Installing: /home/punosie/turtlebot3_ws/install/turtlebot3_description/share/turtlebot3_description/meshes/wheels
[1.271s] -- Installing: /home/punosie/turtlebot3_ws/install/turtlebot3_description/share/turtlebot3_description/meshes/wheels/right_tire.stl
[1.275s] -- Installing: /home/punosie/turtlebot3_ws/install/turtlebot3_description/share/turtlebot3_description/meshes/wheels/left_tire.stl
[1.279s] -- Installing: /home/punosie/turtlebot3_ws/install/turtlebot3_description/share/turtlebot3_description/meshes/sensors
[1.279s] -- Installing: /home/punosie/turtlebot3_ws/install/turtlebot3_description/share/turtlebot3_description/meshes/sensors/r200.jpg
[1.279s] -- Installing: /home/punosie/turtlebot3_ws/install/turtlebot3_description/share/turtlebot3_description/meshes/sensors/lds.stl
[1.282s] -- Installing: /home/punosie/turtlebot3_ws/install/turtlebot3_description/share/turtlebot3_description/meshes/sensors/astra.dae
[1.299s] -- Installing: /home/punosie/turtlebot3_ws/install/turtlebot3_description/share/turtlebot3_description/meshes/sensors/r200.dae
[1.300s] -- Installing: /home/punosie/turtlebot3_ws/install/turtlebot3_description/share/turtlebot3_description/meshes/sensors/astra.jpg
[1.301s] -- Installing: /home/punosie/turtlebot3_ws/install/turtlebot3_description/share/turtlebot3_description/meshes/bases
[1.303s] -- Installing: /home/punosie/turtlebot3_ws/install/turtlebot3_description/share/turtlebot3_description/meshes/bases/waffle_base.stl
[1.363s] -- Installing: /home/punosie/turtlebot3_ws/install/turtlebot3_description/share/turtlebot3_description/meshes/bases/waffle_pi_base.stl
[1.401s] -- Installing: /home/punosie/turtlebot3_ws/install/turtlebot3_description/share/turtlebot3_description/meshes/bases/burger_base.stl
[1.431s] -- Installing: /home/punosie/turtlebot3_ws/install/turtlebot3_description/share/turtlebot3_description/rviz
[1.435s] -- Installing: /home/punosie/turtlebot3_ws/install/turtlebot3_description/share/turtlebot3_description/rviz/model.rviz
[1.436s] -- Installing: /home/punosie/turtlebot3_ws/install/turtlebot3_description/share/turtlebot3_description/urdf
[1.438s] -- Installing: /home/punosie/turtlebot3_ws/install/turtlebot3_description/share/turtlebot3_description/urdf/common_properties.urdf
[1.440s] -- Installing: /home/punosie/turtlebot3_ws/install/turtlebot3_description/share/turtlebot3_description/urdf/turtlebot3_waffle_pi.urdf
[1.440s] -- Installing: /home/punosie/turtlebot3_ws/install/turtlebot3_description/share/turtlebot3_description/urdf/turtlebot3_waffle.urdf
[1.440s] -- Installing: /home/punosie/turtlebot3_ws/install/turtlebot3_description/share/turtlebot3_description/urdf/turtlebot3_burger.urdf
[1.441s] -- Installing: /home/punosie/turtlebot3_ws/install/turtlebot3_description/share/ament_index/resource_index/package_run_dependencies/turtlebot3_description
[1.442s] -- Installing: /home/punosie/turtlebot3_ws/install/turtlebot3_description/share/ament_index/resource_index/parent_prefix_path/turtlebot3_description
[1.442s] -- Installing: /home/punosie/turtlebot3_ws/install/turtlebot3_description/share/turtlebot3_description/environment/ament_prefix_path.sh
[1.442s] -- Installing: /home/punosie/turtlebot3_ws/install/turtlebot3_description/share/turtlebot3_description/environment/ament_prefix_path.dsv
[1.443s] -- Installing: /home/punosie/turtlebot3_ws/install/turtlebot3_description/share/turtlebot3_description/environment/path.sh
[1.443s] -- Installing: /home/punosie/turtlebot3_ws/install/turtlebot3_description/share/turtlebot3_description/environment/path.dsv
[1.443s] -- Installing: /home/punosie/turtlebot3_ws/install/turtlebot3_description/share/turtlebot3_description/local_setup.bash
[1.444s] -- Installing: /home/punosie/turtlebot3_ws/install/turtlebot3_description/share/turtlebot3_description/local_setup.sh
[1.444s] -- Installing: /home/punosie/turtlebot3_ws/install/turtlebot3_description/share/turtlebot3_description/local_setup.zsh
[1.444s] -- Installing: /home/punosie/turtlebot3_ws/install/turtlebot3_description/share/turtlebot3_description/local_setup.dsv
[1.445s] -- Installing: /home/punosie/turtlebot3_ws/install/turtlebot3_description/share/turtlebot3_description/package.dsv
[1.445s] -- Installing: /home/punosie/turtlebot3_ws/install/turtlebot3_description/share/ament_index/resource_index/packages/turtlebot3_description
[1.445s] -- Installing: /home/punosie/turtlebot3_ws/install/turtlebot3_description/share/turtlebot3_description/cmake/turtlebot3_descriptionConfig.cmake
[1.448s] -- Installing: /home/punosie/turtlebot3_ws/install/turtlebot3_description/share/turtlebot3_description/cmake/turtlebot3_descriptionConfig-version.cmake
[1.449s] -- Installing: /home/punosie/turtlebot3_ws/install/turtlebot3_description/share/turtlebot3_description/package.xml
[1.459s] Invoked command in '/home/punosie/turtlebot3_ws/build/turtlebot3_description' returned '0': CMAKE_PREFIX_PATH=${CMAKE_PREFIX_PATH}:/home/punosie/turtlebot3_ws/install/turtlebot3_teleop:/home/punosie/turtlebot3_ws/install/turtlebot3_example:/opt/ros/humble /usr/bin/cmake --install /home/punosie/turtlebot3_ws/build/turtlebot3_description
