[1.666s] Invoking command in '/home/punosie/turtlebot3_ws/src/turtlebot3/turtlebot3_teleop': PYTHONPATH=/home/punosie/turtlebot3_ws/build/turtlebot3_teleop/prefix_override:/usr/lib/python3/dist-packages/colcon_core/task/python/colcon_distutils_commands:/home/punosie/turtlebot3_ws/install/turtlebot3_teleop/lib/python3.10/site-packages:${PYTHONPATH} /usr/bin/python3 -W ignore:setup.py install is deprecated -W ignore:easy_install command is deprecated setup.py egg_info --egg-base ../../../build/turtlebot3_teleop build --build-base /home/punosie/turtlebot3_ws/build/turtlebot3_teleop/build install --record /home/punosie/turtlebot3_ws/build/turtlebot3_teleop/install.log --single-version-externally-managed install_data
[2.252s] running egg_info
[2.254s] creating ../../../build/turtlebot3_teleop/turtlebot3_teleop.egg-info
[2.255s] writing ../../../build/turtlebot3_teleop/turtlebot3_teleop.egg-info/PKG-INFO
[2.255s] writing dependency_links to ../../../build/turtlebot3_teleop/turtlebot3_teleop.egg-info/dependency_links.txt
[2.256s] writing entry points to ../../../build/turtlebot3_teleop/turtlebot3_teleop.egg-info/entry_points.txt
[2.256s] writing requirements to ../../../build/turtlebot3_teleop/turtlebot3_teleop.egg-info/requires.txt
[2.256s] writing top-level names to ../../../build/turtlebot3_teleop/turtlebot3_teleop.egg-info/top_level.txt
[2.257s] writing manifest file '../../../build/turtlebot3_teleop/turtlebot3_teleop.egg-info/SOURCES.txt'
[2.261s] reading manifest file '../../../build/turtlebot3_teleop/turtlebot3_teleop.egg-info/SOURCES.txt'
[2.263s] writing manifest file '../../../build/turtlebot3_teleop/turtlebot3_teleop.egg-info/SOURCES.txt'
[2.263s] running build
[2.264s] running build_py
[2.264s] creating /home/punosie/turtlebot3_ws/build/turtlebot3_teleop/build
[2.264s] creating /home/punosie/turtlebot3_ws/build/turtlebot3_teleop/build/lib
[2.265s] creating /home/punosie/turtlebot3_ws/build/turtlebot3_teleop/build/lib/turtlebot3_teleop
[2.265s] copying turtlebot3_teleop/__init__.py -> /home/punosie/turtlebot3_ws/build/turtlebot3_teleop/build/lib/turtlebot3_teleop
[2.265s] creating /home/punosie/turtlebot3_ws/build/turtlebot3_teleop/build/lib/turtlebot3_teleop/script
[2.265s] copying turtlebot3_teleop/script/__init__.py -> /home/punosie/turtlebot3_ws/build/turtlebot3_teleop/build/lib/turtlebot3_teleop/script
[2.266s] copying turtlebot3_teleop/script/teleop_keyboard.py -> /home/punosie/turtlebot3_ws/build/turtlebot3_teleop/build/lib/turtlebot3_teleop/script
[2.266s] running install
[2.267s] running install_lib
[2.270s] creating /home/punosie/turtlebot3_ws/install/turtlebot3_teleop/lib/python3.10/site-packages/turtlebot3_teleop
[2.270s] copying /home/punosie/turtlebot3_ws/build/turtlebot3_teleop/build/lib/turtlebot3_teleop/__init__.py -> /home/punosie/turtlebot3_ws/install/turtlebot3_teleop/lib/python3.10/site-packages/turtlebot3_teleop
[2.271s] creating /home/punosie/turtlebot3_ws/install/turtlebot3_teleop/lib/python3.10/site-packages/turtlebot3_teleop/script
[2.271s] copying /home/punosie/turtlebot3_ws/build/turtlebot3_teleop/build/lib/turtlebot3_teleop/script/__init__.py -> /home/punosie/turtlebot3_ws/install/turtlebot3_teleop/lib/python3.10/site-packages/turtlebot3_teleop/script
[2.271s] copying /home/punosie/turtlebot3_ws/build/turtlebot3_teleop/build/lib/turtlebot3_teleop/script/teleop_keyboard.py -> /home/punosie/turtlebot3_ws/install/turtlebot3_teleop/lib/python3.10/site-packages/turtlebot3_teleop/script
[2.273s] byte-compiling /home/punosie/turtlebot3_ws/install/turtlebot3_teleop/lib/python3.10/site-packages/turtlebot3_teleop/__init__.py to __init__.cpython-310.pyc
[2.274s] byte-compiling /home/punosie/turtlebot3_ws/install/turtlebot3_teleop/lib/python3.10/site-packages/turtlebot3_teleop/script/__init__.py to __init__.cpython-310.pyc
[2.274s] byte-compiling /home/punosie/turtlebot3_ws/install/turtlebot3_teleop/lib/python3.10/site-packages/turtlebot3_teleop/script/teleop_keyboard.py to teleop_keyboard.cpython-310.pyc
[2.278s] running install_data
[2.279s] creating /home/punosie/turtlebot3_ws/install/turtlebot3_teleop/share/ament_index
[2.279s] creating /home/punosie/turtlebot3_ws/install/turtlebot3_teleop/share/ament_index/resource_index
[2.279s] creating /home/punosie/turtlebot3_ws/install/turtlebot3_teleop/share/ament_index/resource_index/packages
[2.280s] copying resource/turtlebot3_teleop -> /home/punosie/turtlebot3_ws/install/turtlebot3_teleop/share/ament_index/resource_index/packages
[2.280s] copying package.xml -> /home/punosie/turtlebot3_ws/install/turtlebot3_teleop/share/turtlebot3_teleop
[2.280s] running install_egg_info
[2.285s] Copying ../../../build/turtlebot3_teleop/turtlebot3_teleop.egg-info to /home/punosie/turtlebot3_ws/install/turtlebot3_teleop/lib/python3.10/site-packages/turtlebot3_teleop-2.2.9-py3.10.egg-info
[2.287s] running install_scripts
[2.347s] Installing teleop_keyboard script to /home/punosie/turtlebot3_ws/install/turtlebot3_teleop/lib/turtlebot3_teleop
[2.348s] writing list of installed files to '/home/punosie/turtlebot3_ws/build/turtlebot3_teleop/install.log'
[2.429s] Invoked command in '/home/punosie/turtlebot3_ws/src/turtlebot3/turtlebot3_teleop' returned '0': PYTHONPATH=/home/punosie/turtlebot3_ws/build/turtlebot3_teleop/prefix_override:/usr/lib/python3/dist-packages/colcon_core/task/python/colcon_distutils_commands:/home/punosie/turtlebot3_ws/install/turtlebot3_teleop/lib/python3.10/site-packages:${PYTHONPATH} /usr/bin/python3 -W ignore:setup.py install is deprecated -W ignore:easy_install command is deprecated setup.py egg_info --egg-base ../../../build/turtlebot3_teleop build --build-base /home/punosie/turtlebot3_ws/build/turtlebot3_teleop/build install --record /home/punosie/turtlebot3_ws/build/turtlebot3_teleop/install.log --single-version-externally-managed install_data
