[0.027s] Invoking command in '/home/punosie/turtlebot3_ws/build/dynamixel_sdk_examples': CMAKE_PREFIX_PATH=/home/punosie/turtlebot3_ws/install/dynamixel_sdk_custom_interfaces:/home/punosie/turtlebot3_ws/install/dynamixel_sdk:/home/punosie/turtlebot3_ws/install/turtlebot3:/home/punosie/turtlebot3_ws/install/turtlebot3_simulations:/home/punosie/turtlebot3_ws/install/turtlebot3_bringup:/home/punosie/turtlebot3_ws/install/turtlebot3_node:/home/punosie/turtlebot3_ws/install/turtlebot3_navigation2:/home/punosie/turtlebot3_ws/install/turtlebot3_fake_node:/home/punosie/turtlebot3_ws/install/turtlebot3_msgs:/home/punosie/turtlebot3_ws/install/turtlebot3_gazebo:/home/punosie/turtlebot3_ws/install/turtlebot3_description:/home/punosie/turtlebot3_ws/install/turtlebot3_cartographer:/home/punosie/turtlebot3_ws/install/softbot_description:/home/punosie/turtlebot3_ws/install/dynamixel_sdk_examples:/home/punosie/turtlebot3_ws/install/turtlebot3_teleop:/home/punosie/turtlebot3_ws/install/turtlebot3_example:/opt/ros/humble LD_LIBRARY_PATH=/home/punosie/turtlebot3_ws/install/dynamixel_sdk_custom_interfaces/lib:/home/punosie/turtlebot3_ws/install/dynamixel_sdk/lib:/home/punosie/turtlebot3_ws/install/turtlebot3_msgs/lib:/usr/lib/x86_64-linux-gnu/gazebo-11/plugins:/opt/ros/humble/opt/rviz_ogre_vendor/lib:/opt/ros/humble/lib/x86_64-linux-gnu:/opt/ros/humble/lib:/usr/lib/x86_64-linux-gnu/gazebo-11/plugins /usr/bin/cmake /home/punosie/turtlebot3_ws/src/DynamixelSDK/ros/dynamixel_sdk_examples -DCMAKE_INSTALL_PREFIX=/home/punosie/turtlebot3_ws/install/dynamixel_sdk_examples
[0.114s] -- The C compiler identification is GNU 11.4.0
[0.219s] -- The CXX compiler identification is GNU 11.4.0
[0.234s] -- Detecting C compiler ABI info
[0.363s] -- Detecting C compiler ABI info - done
[0.377s] -- Check for working C compiler: /usr/bin/cc - skipped
[0.378s] -- Detecting C compile features
[0.378s] -- Detecting C compile features - done
[0.383s] -- Detecting CXX compiler ABI info
[0.511s] -- Detecting CXX compiler ABI info - done
[0.529s] -- Check for working CXX compiler: /usr/bin/c++ - skipped
[0.529s] -- Detecting CXX compile features
[0.530s] -- Detecting CXX compile features - done
[0.534s] -- Found ament_cmake: 1.3.11 (/opt/ros/humble/share/ament_cmake/cmake)
[0.863s] -- Found Python3: /usr/bin/python3 (found version "3.10.12") found components: Interpreter 
[1.016s] -- Found dynamixel_sdk: 3.8.3 (/home/punosie/turtlebot3_ws/install/dynamixel_sdk/share/dynamixel_sdk/cmake)
[1.018s] -- Found dynamixel_sdk_custom_interfaces: 3.8.3 (/home/punosie/turtlebot3_ws/install/dynamixel_sdk_custom_interfaces/share/dynamixel_sdk_custom_interfaces/cmake)
[1.083s] -- Found rosidl_generator_c: 3.1.6 (/opt/ros/humble/share/rosidl_generator_c/cmake)
[1.092s] -- Found rosidl_adapter: 3.1.6 (/opt/ros/humble/share/rosidl_adapter/cmake)
[1.106s] -- Found rosidl_generator_cpp: 3.1.6 (/opt/ros/humble/share/rosidl_generator_cpp/cmake)
[1.130s] -- Using all available rosidl_typesupport_c: rosidl_typesupport_fastrtps_c;rosidl_typesupport_introspection_c
[1.159s] -- Using all available rosidl_typesupport_cpp: rosidl_typesupport_fastrtps_cpp;rosidl_typesupport_introspection_cpp
[1.205s] -- Found rclcpp: 16.0.12 (/opt/ros/humble/share/rclcpp/cmake)
[1.272s] -- Found rmw_implementation_cmake: 6.1.2 (/opt/ros/humble/share/rmw_implementation_cmake/cmake)
[1.278s] -- Found rmw_fastrtps_cpp: 6.2.7 (/opt/ros/humble/share/rmw_fastrtps_cpp/cmake)
[1.428s] -- Found OpenSSL: /usr/lib/x86_64-linux-gnu/libcrypto.so (found version "3.0.2")  
[1.476s] -- Found FastRTPS: /opt/ros/humble/include  
[1.545s] -- Using RMW implementation 'rmw_fastrtps_cpp' as default
[1.560s] -- Looking for pthread.h
[1.684s] -- Looking for pthread.h - found
[1.685s] -- Performing Test CMAKE_HAVE_LIBC_PTHREAD
[1.832s] -- Performing Test CMAKE_HAVE_LIBC_PTHREAD - Success
[1.835s] -- Found Threads: TRUE  
[1.918s] -- Found rclpy: 3.3.16 (/opt/ros/humble/share/rclpy/cmake)
[1.925s] -- Found ament_lint_auto: 0.12.12 (/opt/ros/humble/share/ament_lint_auto/cmake)
[2.062s] -- Added test 'copyright' to check source files copyright and LICENSE
[2.063s] -- Added test 'cppcheck' to perform static code analysis on C / C++ code
[2.064s] -- Configured cppcheck include dirs: /home/punosie/turtlebot3_ws/src/DynamixelSDK/ros/dynamixel_sdk_examples/include
[2.064s] -- Configured cppcheck exclude dirs and/or files: 
[2.065s] -- Added test 'cpplint' to check C / C++ code against the Google style
[2.065s] -- Configured cpplint exclude dirs and/or files: 
[2.066s] -- Added test 'flake8' to check Python code syntax and style conventions
[2.067s] -- Added test 'lint_cmake' to check CMake code style
[2.069s] -- Added test 'pep257' to check Python code against some of the docstring style conventions in PEP 257
[2.070s] -- Added test 'uncrustify' to check C / C++ code style
[2.070s] -- Configured uncrustify additional arguments: 
[2.071s] -- Added test 'xmllint' to check XML markup files
[2.073s] -- Configuring done
[2.084s] -- Generating done
[2.089s] -- Build files have been written to: /home/punosie/turtlebot3_ws/build/dynamixel_sdk_examples
[2.104s] Invoked command in '/home/punosie/turtlebot3_ws/build/dynamixel_sdk_examples' returned '0': CMAKE_PREFIX_PATH=/home/punosie/turtlebot3_ws/install/dynamixel_sdk_custom_interfaces:/home/punosie/turtlebot3_ws/install/dynamixel_sdk:/home/punosie/turtlebot3_ws/install/turtlebot3:/home/punosie/turtlebot3_ws/install/turtlebot3_simulations:/home/punosie/turtlebot3_ws/install/turtlebot3_bringup:/home/punosie/turtlebot3_ws/install/turtlebot3_node:/home/punosie/turtlebot3_ws/install/turtlebot3_navigation2:/home/punosie/turtlebot3_ws/install/turtlebot3_fake_node:/home/punosie/turtlebot3_ws/install/turtlebot3_msgs:/home/punosie/turtlebot3_ws/install/turtlebot3_gazebo:/home/punosie/turtlebot3_ws/install/turtlebot3_description:/home/punosie/turtlebot3_ws/install/turtlebot3_cartographer:/home/punosie/turtlebot3_ws/install/softbot_description:/home/punosie/turtlebot3_ws/install/dynamixel_sdk_examples:/home/punosie/turtlebot3_ws/install/turtlebot3_teleop:/home/punosie/turtlebot3_ws/install/turtlebot3_example:/opt/ros/humble LD_LIBRARY_PATH=/home/punosie/turtlebot3_ws/install/dynamixel_sdk_custom_interfaces/lib:/home/punosie/turtlebot3_ws/install/dynamixel_sdk/lib:/home/punosie/turtlebot3_ws/install/turtlebot3_msgs/lib:/usr/lib/x86_64-linux-gnu/gazebo-11/plugins:/opt/ros/humble/opt/rviz_ogre_vendor/lib:/opt/ros/humble/lib/x86_64-linux-gnu:/opt/ros/humble/lib:/usr/lib/x86_64-linux-gnu/gazebo-11/plugins /usr/bin/cmake /home/punosie/turtlebot3_ws/src/DynamixelSDK/ros/dynamixel_sdk_examples -DCMAKE_INSTALL_PREFIX=/home/punosie/turtlebot3_ws/install/dynamixel_sdk_examples
[2.105s] Invoking command in '/home/punosie/turtlebot3_ws/build/dynamixel_sdk_examples': CMAKE_PREFIX_PATH=/home/punosie/turtlebot3_ws/install/dynamixel_sdk_custom_interfaces:/home/punosie/turtlebot3_ws/install/dynamixel_sdk:/home/punosie/turtlebot3_ws/install/turtlebot3:/home/punosie/turtlebot3_ws/install/turtlebot3_simulations:/home/punosie/turtlebot3_ws/install/turtlebot3_bringup:/home/punosie/turtlebot3_ws/install/turtlebot3_node:/home/punosie/turtlebot3_ws/install/turtlebot3_navigation2:/home/punosie/turtlebot3_ws/install/turtlebot3_fake_node:/home/punosie/turtlebot3_ws/install/turtlebot3_msgs:/home/punosie/turtlebot3_ws/install/turtlebot3_gazebo:/home/punosie/turtlebot3_ws/install/turtlebot3_description:/home/punosie/turtlebot3_ws/install/turtlebot3_cartographer:/home/punosie/turtlebot3_ws/install/softbot_description:/home/punosie/turtlebot3_ws/install/dynamixel_sdk_examples:/home/punosie/turtlebot3_ws/install/turtlebot3_teleop:/home/punosie/turtlebot3_ws/install/turtlebot3_example:/opt/ros/humble LD_LIBRARY_PATH=/home/punosie/turtlebot3_ws/install/dynamixel_sdk_custom_interfaces/lib:/home/punosie/turtlebot3_ws/install/dynamixel_sdk/lib:/home/punosie/turtlebot3_ws/install/turtlebot3_msgs/lib:/usr/lib/x86_64-linux-gnu/gazebo-11/plugins:/opt/ros/humble/opt/rviz_ogre_vendor/lib:/opt/ros/humble/lib/x86_64-linux-gnu:/opt/ros/humble/lib:/usr/lib/x86_64-linux-gnu/gazebo-11/plugins /usr/bin/cmake --build /home/punosie/turtlebot3_ws/build/dynamixel_sdk_examples -- -j12 -l12
[2.180s] [ 50%] [32mBuilding CXX object CMakeFiles/read_write_node.dir/src/read_write_node.cpp.o[0m
[13.147s] [100%] [32m[1mLinking CXX executable read_write_node[0m
[13.566s] [100%] Built target read_write_node
[13.580s] Invoked command in '/home/punosie/turtlebot3_ws/build/dynamixel_sdk_examples' returned '0': CMAKE_PREFIX_PATH=/home/punosie/turtlebot3_ws/install/dynamixel_sdk_custom_interfaces:/home/punosie/turtlebot3_ws/install/dynamixel_sdk:/home/punosie/turtlebot3_ws/install/turtlebot3:/home/punosie/turtlebot3_ws/install/turtlebot3_simulations:/home/punosie/turtlebot3_ws/install/turtlebot3_bringup:/home/punosie/turtlebot3_ws/install/turtlebot3_node:/home/punosie/turtlebot3_ws/install/turtlebot3_navigation2:/home/punosie/turtlebot3_ws/install/turtlebot3_fake_node:/home/punosie/turtlebot3_ws/install/turtlebot3_msgs:/home/punosie/turtlebot3_ws/install/turtlebot3_gazebo:/home/punosie/turtlebot3_ws/install/turtlebot3_description:/home/punosie/turtlebot3_ws/install/turtlebot3_cartographer:/home/punosie/turtlebot3_ws/install/softbot_description:/home/punosie/turtlebot3_ws/install/dynamixel_sdk_examples:/home/punosie/turtlebot3_ws/install/turtlebot3_teleop:/home/punosie/turtlebot3_ws/install/turtlebot3_example:/opt/ros/humble LD_LIBRARY_PATH=/home/punosie/turtlebot3_ws/install/dynamixel_sdk_custom_interfaces/lib:/home/punosie/turtlebot3_ws/install/dynamixel_sdk/lib:/home/punosie/turtlebot3_ws/install/turtlebot3_msgs/lib:/usr/lib/x86_64-linux-gnu/gazebo-11/plugins:/opt/ros/humble/opt/rviz_ogre_vendor/lib:/opt/ros/humble/lib/x86_64-linux-gnu:/opt/ros/humble/lib:/usr/lib/x86_64-linux-gnu/gazebo-11/plugins /usr/bin/cmake --build /home/punosie/turtlebot3_ws/build/dynamixel_sdk_examples -- -j12 -l12
[13.582s] Invoking command in '/home/punosie/turtlebot3_ws/build/dynamixel_sdk_examples': CMAKE_PREFIX_PATH=/home/punosie/turtlebot3_ws/install/dynamixel_sdk_custom_interfaces:/home/punosie/turtlebot3_ws/install/dynamixel_sdk:/home/punosie/turtlebot3_ws/install/turtlebot3:/home/punosie/turtlebot3_ws/install/turtlebot3_simulations:/home/punosie/turtlebot3_ws/install/turtlebot3_bringup:/home/punosie/turtlebot3_ws/install/turtlebot3_node:/home/punosie/turtlebot3_ws/install/turtlebot3_navigation2:/home/punosie/turtlebot3_ws/install/turtlebot3_fake_node:/home/punosie/turtlebot3_ws/install/turtlebot3_msgs:/home/punosie/turtlebot3_ws/install/turtlebot3_gazebo:/home/punosie/turtlebot3_ws/install/turtlebot3_description:/home/punosie/turtlebot3_ws/install/turtlebot3_cartographer:/home/punosie/turtlebot3_ws/install/softbot_description:/home/punosie/turtlebot3_ws/install/dynamixel_sdk_examples:/home/punosie/turtlebot3_ws/install/turtlebot3_teleop:/home/punosie/turtlebot3_ws/install/turtlebot3_example:/opt/ros/humble LD_LIBRARY_PATH=/home/punosie/turtlebot3_ws/install/dynamixel_sdk_custom_interfaces/lib:/home/punosie/turtlebot3_ws/install/dynamixel_sdk/lib:/home/punosie/turtlebot3_ws/install/turtlebot3_msgs/lib:/usr/lib/x86_64-linux-gnu/gazebo-11/plugins:/opt/ros/humble/opt/rviz_ogre_vendor/lib:/opt/ros/humble/lib/x86_64-linux-gnu:/opt/ros/humble/lib:/usr/lib/x86_64-linux-gnu/gazebo-11/plugins /usr/bin/cmake --install /home/punosie/turtlebot3_ws/build/dynamixel_sdk_examples
[13.591s] -- Install configuration: ""
[13.591s] -- Installing: /home/punosie/turtlebot3_ws/install/dynamixel_sdk_examples/lib/dynamixel_sdk_examples/read_write_node
[13.595s] -- Set runtime path of "/home/punosie/turtlebot3_ws/install/dynamixel_sdk_examples/lib/dynamixel_sdk_examples/read_write_node" to ""
[13.595s] -- Installing: /home/punosie/turtlebot3_ws/install/dynamixel_sdk_examples/lib/dynamixel_sdk_examples/read_write_node.py
[13.595s] -- Installing: /home/punosie/turtlebot3_ws/install/dynamixel_sdk_examples/share/ament_index/resource_index/package_run_dependencies/dynamixel_sdk_examples
[13.595s] -- Installing: /home/punosie/turtlebot3_ws/install/dynamixel_sdk_examples/share/ament_index/resource_index/parent_prefix_path/dynamixel_sdk_examples
[13.596s] -- Installing: /home/punosie/turtlebot3_ws/install/dynamixel_sdk_examples/share/dynamixel_sdk_examples/environment/ament_prefix_path.sh
[13.596s] -- Installing: /home/punosie/turtlebot3_ws/install/dynamixel_sdk_examples/share/dynamixel_sdk_examples/environment/ament_prefix_path.dsv
[13.596s] -- Installing: /home/punosie/turtlebot3_ws/install/dynamixel_sdk_examples/share/dynamixel_sdk_examples/environment/path.sh
[13.596s] -- Installing: /home/punosie/turtlebot3_ws/install/dynamixel_sdk_examples/share/dynamixel_sdk_examples/environment/path.dsv
[13.596s] -- Installing: /home/punosie/turtlebot3_ws/install/dynamixel_sdk_examples/share/dynamixel_sdk_examples/local_setup.bash
[13.596s] -- Installing: /home/punosie/turtlebot3_ws/install/dynamixel_sdk_examples/share/dynamixel_sdk_examples/local_setup.sh
[13.596s] -- Installing: /home/punosie/turtlebot3_ws/install/dynamixel_sdk_examples/share/dynamixel_sdk_examples/local_setup.zsh
[13.596s] -- Installing: /home/punosie/turtlebot3_ws/install/dynamixel_sdk_examples/share/dynamixel_sdk_examples/local_setup.dsv
[13.596s] -- Installing: /home/punosie/turtlebot3_ws/install/dynamixel_sdk_examples/share/dynamixel_sdk_examples/package.dsv
[13.596s] -- Installing: /home/punosie/turtlebot3_ws/install/dynamixel_sdk_examples/share/ament_index/resource_index/packages/dynamixel_sdk_examples
[13.597s] -- Installing: /home/punosie/turtlebot3_ws/install/dynamixel_sdk_examples/share/dynamixel_sdk_examples/cmake/dynamixel_sdk_examplesConfig.cmake
[13.597s] -- Installing: /home/punosie/turtlebot3_ws/install/dynamixel_sdk_examples/share/dynamixel_sdk_examples/cmake/dynamixel_sdk_examplesConfig-version.cmake
[13.597s] -- Installing: /home/punosie/turtlebot3_ws/install/dynamixel_sdk_examples/share/dynamixel_sdk_examples/package.xml
[13.599s] Invoked command in '/home/punosie/turtlebot3_ws/build/dynamixel_sdk_examples' returned '0': CMAKE_PREFIX_PATH=/home/punosie/turtlebot3_ws/install/dynamixel_sdk_custom_interfaces:/home/punosie/turtlebot3_ws/install/dynamixel_sdk:/home/punosie/turtlebot3_ws/install/turtlebot3:/home/punosie/turtlebot3_ws/install/turtlebot3_simulations:/home/punosie/turtlebot3_ws/install/turtlebot3_bringup:/home/punosie/turtlebot3_ws/install/turtlebot3_node:/home/punosie/turtlebot3_ws/install/turtlebot3_navigation2:/home/punosie/turtlebot3_ws/install/turtlebot3_fake_node:/home/punosie/turtlebot3_ws/install/turtlebot3_msgs:/home/punosie/turtlebot3_ws/install/turtlebot3_gazebo:/home/punosie/turtlebot3_ws/install/turtlebot3_description:/home/punosie/turtlebot3_ws/install/turtlebot3_cartographer:/home/punosie/turtlebot3_ws/install/softbot_description:/home/punosie/turtlebot3_ws/install/dynamixel_sdk_examples:/home/punosie/turtlebot3_ws/install/turtlebot3_teleop:/home/punosie/turtlebot3_ws/install/turtlebot3_example:/opt/ros/humble LD_LIBRARY_PATH=/home/punosie/turtlebot3_ws/install/dynamixel_sdk_custom_interfaces/lib:/home/punosie/turtlebot3_ws/install/dynamixel_sdk/lib:/home/punosie/turtlebot3_ws/install/turtlebot3_msgs/lib:/usr/lib/x86_64-linux-gnu/gazebo-11/plugins:/opt/ros/humble/opt/rviz_ogre_vendor/lib:/opt/ros/humble/lib/x86_64-linux-gnu:/opt/ros/humble/lib:/usr/lib/x86_64-linux-gnu/gazebo-11/plugins /usr/bin/cmake --install /home/punosie/turtlebot3_ws/build/dynamixel_sdk_examples
