[0.073s] Invoking command in '/home/punosie/turtlebot3_ws/build/turtlebot3_fake_node': CMAKE_PREFIX_PATH=/home/punosie/turtlebot3_ws/install/turtlebot3_msgs:/home/punosie/turtlebot3_ws/install/turtlebot3:/home/punosie/turtlebot3_ws/install/turtlebot3_simulations:/home/punosie/turtlebot3_ws/install/turtlebot3_bringup:/home/punosie/turtlebot3_ws/install/turtlebot3_node:/home/punosie/turtlebot3_ws/install/turtlebot3_navigation2:/home/punosie/turtlebot3_ws/install/turtlebot3_fake_node:/home/punosie/turtlebot3_ws/install/turtlebot3_gazebo:/home/punosie/turtlebot3_ws/install/turtlebot3_description:/home/punosie/turtlebot3_ws/install/turtlebot3_cartographer:/home/punosie/turtlebot3_ws/install/softbot_description:/home/punosie/turtlebot3_ws/install/dynamixel_sdk_examples:/home/punosie/turtlebot3_ws/install/dynamixel_sdk_custom_interfaces:/home/punosie/turtlebot3_ws/install/dynamixel_sdk:/home/punosie/turtlebot3_ws/install/turtlebot3_teleop:/home/punosie/turtlebot3_ws/install/turtlebot3_example:/opt/ros/humble LD_LIBRARY_PATH=/home/punosie/turtlebot3_ws/install/turtlebot3_msgs/lib:/home/punosie/turtlebot3_ws/install/dynamixel_sdk_custom_interfaces/lib:/home/punosie/turtlebot3_ws/install/dynamixel_sdk/lib:/usr/lib/x86_64-linux-gnu/gazebo-11/plugins:/opt/ros/humble/opt/rviz_ogre_vendor/lib:/opt/ros/humble/lib/x86_64-linux-gnu:/opt/ros/humble/lib:/usr/lib/x86_64-linux-gnu/gazebo-11/plugins /usr/bin/cmake /home/punosie/turtlebot3_ws/src/turtlebot3_simulations/turtlebot3_fake_node -DCMAKE_INSTALL_PREFIX=/home/punosie/turtlebot3_ws/install/turtlebot3_fake_node
[0.458s] -- The C compiler identification is GNU 11.4.0
[0.655s] -- The CXX compiler identification is GNU 11.4.0
[0.684s] -- Detecting C compiler ABI info
[1.083s] -- Detecting C compiler ABI info - done
[1.152s] -- Check for working C compiler: /usr/bin/cc - skipped
[1.155s] -- Detecting C compile features
[1.158s] -- Detecting C compile features - done
[1.185s] -- Detecting CXX compiler ABI info
[1.607s] -- Detecting CXX compiler ABI info - done
[1.641s] -- Check for working CXX compiler: /usr/bin/c++ - skipped
[1.642s] -- Detecting CXX compile features
[1.645s] -- Detecting CXX compile features - done
[1.658s] -- Found ament_cmake: 1.3.11 (/opt/ros/humble/share/ament_cmake/cmake)
[2.298s] -- Found Python3: /usr/bin/python3 (found version "3.10.12") found components: Interpreter 
[2.705s] -- Found geometry_msgs: 4.8.0 (/opt/ros/humble/share/geometry_msgs/cmake)
[2.863s] -- Found rosidl_generator_c: 3.1.6 (/opt/ros/humble/share/rosidl_generator_c/cmake)
[2.886s] -- Found rosidl_adapter: 3.1.6 (/opt/ros/humble/share/rosidl_adapter/cmake)
[2.924s] -- Found rosidl_generator_cpp: 3.1.6 (/opt/ros/humble/share/rosidl_generator_cpp/cmake)
[2.973s] -- Using all available rosidl_typesupport_c: rosidl_typesupport_fastrtps_c;rosidl_typesupport_introspection_c
[3.050s] -- Using all available rosidl_typesupport_cpp: rosidl_typesupport_fastrtps_cpp;rosidl_typesupport_introspection_cpp
[3.217s] -- Found nav_msgs: 4.8.0 (/opt/ros/humble/share/nav_msgs/cmake)
[3.295s] -- Found rclcpp: 16.0.12 (/opt/ros/humble/share/rclcpp/cmake)
[3.629s] -- Found rmw_implementation_cmake: 6.1.2 (/opt/ros/humble/share/rmw_implementation_cmake/cmake)
[3.659s] -- Found rmw_fastrtps_cpp: 6.2.7 (/opt/ros/humble/share/rmw_fastrtps_cpp/cmake)
[4.254s] -- Found OpenSSL: /usr/lib/x86_64-linux-gnu/libcrypto.so (found version "3.0.2")  
[4.367s] -- Found FastRTPS: /opt/ros/humble/include  
[4.536s] -- Using RMW implementation 'rmw_fastrtps_cpp' as default
[4.571s] -- Looking for pthread.h
[5.016s] -- Looking for pthread.h - found
[5.017s] -- Performing Test CMAKE_HAVE_LIBC_PTHREAD
[5.414s] -- Performing Test CMAKE_HAVE_LIBC_PTHREAD - Success
[5.420s] -- Found Threads: TRUE  
[5.594s] -- Found sensor_msgs: 4.8.0 (/opt/ros/humble/share/sensor_msgs/cmake)
[5.673s] -- Found tf2: 0.25.12 (/opt/ros/humble/share/tf2/cmake)
[5.717s] -- Found tf2_msgs: 0.25.12 (/opt/ros/humble/share/tf2_msgs/cmake)
[5.906s] -- Found turtlebot3_msgs: 2.3.0 (/home/punosie/turtlebot3_ws/install/turtlebot3_msgs/share/turtlebot3_msgs/cmake)
[6.265s] -- Configuring done
[6.360s] -- Generating done
[6.396s] -- Build files have been written to: /home/punosie/turtlebot3_ws/build/turtlebot3_fake_node
[6.464s] Invoked command in '/home/punosie/turtlebot3_ws/build/turtlebot3_fake_node' returned '0': CMAKE_PREFIX_PATH=/home/punosie/turtlebot3_ws/install/turtlebot3_msgs:/home/punosie/turtlebot3_ws/install/turtlebot3:/home/punosie/turtlebot3_ws/install/turtlebot3_simulations:/home/punosie/turtlebot3_ws/install/turtlebot3_bringup:/home/punosie/turtlebot3_ws/install/turtlebot3_node:/home/punosie/turtlebot3_ws/install/turtlebot3_navigation2:/home/punosie/turtlebot3_ws/install/turtlebot3_fake_node:/home/punosie/turtlebot3_ws/install/turtlebot3_gazebo:/home/punosie/turtlebot3_ws/install/turtlebot3_description:/home/punosie/turtlebot3_ws/install/turtlebot3_cartographer:/home/punosie/turtlebot3_ws/install/softbot_description:/home/punosie/turtlebot3_ws/install/dynamixel_sdk_examples:/home/punosie/turtlebot3_ws/install/dynamixel_sdk_custom_interfaces:/home/punosie/turtlebot3_ws/install/dynamixel_sdk:/home/punosie/turtlebot3_ws/install/turtlebot3_teleop:/home/punosie/turtlebot3_ws/install/turtlebot3_example:/opt/ros/humble LD_LIBRARY_PATH=/home/punosie/turtlebot3_ws/install/turtlebot3_msgs/lib:/home/punosie/turtlebot3_ws/install/dynamixel_sdk_custom_interfaces/lib:/home/punosie/turtlebot3_ws/install/dynamixel_sdk/lib:/usr/lib/x86_64-linux-gnu/gazebo-11/plugins:/opt/ros/humble/opt/rviz_ogre_vendor/lib:/opt/ros/humble/lib/x86_64-linux-gnu:/opt/ros/humble/lib:/usr/lib/x86_64-linux-gnu/gazebo-11/plugins /usr/bin/cmake /home/punosie/turtlebot3_ws/src/turtlebot3_simulations/turtlebot3_fake_node -DCMAKE_INSTALL_PREFIX=/home/punosie/turtlebot3_ws/install/turtlebot3_fake_node
[6.472s] Invoking command in '/home/punosie/turtlebot3_ws/build/turtlebot3_fake_node': CMAKE_PREFIX_PATH=/home/punosie/turtlebot3_ws/install/turtlebot3_msgs:/home/punosie/turtlebot3_ws/install/turtlebot3:/home/punosie/turtlebot3_ws/install/turtlebot3_simulations:/home/punosie/turtlebot3_ws/install/turtlebot3_bringup:/home/punosie/turtlebot3_ws/install/turtlebot3_node:/home/punosie/turtlebot3_ws/install/turtlebot3_navigation2:/home/punosie/turtlebot3_ws/install/turtlebot3_fake_node:/home/punosie/turtlebot3_ws/install/turtlebot3_gazebo:/home/punosie/turtlebot3_ws/install/turtlebot3_description:/home/punosie/turtlebot3_ws/install/turtlebot3_cartographer:/home/punosie/turtlebot3_ws/install/softbot_description:/home/punosie/turtlebot3_ws/install/dynamixel_sdk_examples:/home/punosie/turtlebot3_ws/install/dynamixel_sdk_custom_interfaces:/home/punosie/turtlebot3_ws/install/dynamixel_sdk:/home/punosie/turtlebot3_ws/install/turtlebot3_teleop:/home/punosie/turtlebot3_ws/install/turtlebot3_example:/opt/ros/humble LD_LIBRARY_PATH=/home/punosie/turtlebot3_ws/install/turtlebot3_msgs/lib:/home/punosie/turtlebot3_ws/install/dynamixel_sdk_custom_interfaces/lib:/home/punosie/turtlebot3_ws/install/dynamixel_sdk/lib:/usr/lib/x86_64-linux-gnu/gazebo-11/plugins:/opt/ros/humble/opt/rviz_ogre_vendor/lib:/opt/ros/humble/lib/x86_64-linux-gnu:/opt/ros/humble/lib:/usr/lib/x86_64-linux-gnu/gazebo-11/plugins /usr/bin/cmake --build /home/punosie/turtlebot3_ws/build/turtlebot3_fake_node -- -j12 -l12
[6.743s] [ 50%] [32mBuilding CXX object CMakeFiles/turtlebot3_fake_node.dir/src/turtlebot3_fake_node.cpp.o[0m
[32.818s] [100%] [32m[1mLinking CXX executable turtlebot3_fake_node[0m
[33.660s] [100%] Built target turtlebot3_fake_node
[33.677s] Invoked command in '/home/punosie/turtlebot3_ws/build/turtlebot3_fake_node' returned '0': CMAKE_PREFIX_PATH=/home/punosie/turtlebot3_ws/install/turtlebot3_msgs:/home/punosie/turtlebot3_ws/install/turtlebot3:/home/punosie/turtlebot3_ws/install/turtlebot3_simulations:/home/punosie/turtlebot3_ws/install/turtlebot3_bringup:/home/punosie/turtlebot3_ws/install/turtlebot3_node:/home/punosie/turtlebot3_ws/install/turtlebot3_navigation2:/home/punosie/turtlebot3_ws/install/turtlebot3_fake_node:/home/punosie/turtlebot3_ws/install/turtlebot3_gazebo:/home/punosie/turtlebot3_ws/install/turtlebot3_description:/home/punosie/turtlebot3_ws/install/turtlebot3_cartographer:/home/punosie/turtlebot3_ws/install/softbot_description:/home/punosie/turtlebot3_ws/install/dynamixel_sdk_examples:/home/punosie/turtlebot3_ws/install/dynamixel_sdk_custom_interfaces:/home/punosie/turtlebot3_ws/install/dynamixel_sdk:/home/punosie/turtlebot3_ws/install/turtlebot3_teleop:/home/punosie/turtlebot3_ws/install/turtlebot3_example:/opt/ros/humble LD_LIBRARY_PATH=/home/punosie/turtlebot3_ws/install/turtlebot3_msgs/lib:/home/punosie/turtlebot3_ws/install/dynamixel_sdk_custom_interfaces/lib:/home/punosie/turtlebot3_ws/install/dynamixel_sdk/lib:/usr/lib/x86_64-linux-gnu/gazebo-11/plugins:/opt/ros/humble/opt/rviz_ogre_vendor/lib:/opt/ros/humble/lib/x86_64-linux-gnu:/opt/ros/humble/lib:/usr/lib/x86_64-linux-gnu/gazebo-11/plugins /usr/bin/cmake --build /home/punosie/turtlebot3_ws/build/turtlebot3_fake_node -- -j12 -l12
[33.681s] Invoking command in '/home/punosie/turtlebot3_ws/build/turtlebot3_fake_node': CMAKE_PREFIX_PATH=/home/punosie/turtlebot3_ws/install/turtlebot3_msgs:/home/punosie/turtlebot3_ws/install/turtlebot3:/home/punosie/turtlebot3_ws/install/turtlebot3_simulations:/home/punosie/turtlebot3_ws/install/turtlebot3_bringup:/home/punosie/turtlebot3_ws/install/turtlebot3_node:/home/punosie/turtlebot3_ws/install/turtlebot3_navigation2:/home/punosie/turtlebot3_ws/install/turtlebot3_fake_node:/home/punosie/turtlebot3_ws/install/turtlebot3_gazebo:/home/punosie/turtlebot3_ws/install/turtlebot3_description:/home/punosie/turtlebot3_ws/install/turtlebot3_cartographer:/home/punosie/turtlebot3_ws/install/softbot_description:/home/punosie/turtlebot3_ws/install/dynamixel_sdk_examples:/home/punosie/turtlebot3_ws/install/dynamixel_sdk_custom_interfaces:/home/punosie/turtlebot3_ws/install/dynamixel_sdk:/home/punosie/turtlebot3_ws/install/turtlebot3_teleop:/home/punosie/turtlebot3_ws/install/turtlebot3_example:/opt/ros/humble LD_LIBRARY_PATH=/home/punosie/turtlebot3_ws/install/turtlebot3_msgs/lib:/home/punosie/turtlebot3_ws/install/dynamixel_sdk_custom_interfaces/lib:/home/punosie/turtlebot3_ws/install/dynamixel_sdk/lib:/usr/lib/x86_64-linux-gnu/gazebo-11/plugins:/opt/ros/humble/opt/rviz_ogre_vendor/lib:/opt/ros/humble/lib/x86_64-linux-gnu:/opt/ros/humble/lib:/usr/lib/x86_64-linux-gnu/gazebo-11/plugins /usr/bin/cmake --install /home/punosie/turtlebot3_ws/build/turtlebot3_fake_node
[33.692s] -- Install configuration: ""
[33.692s] -- Installing: /home/punosie/turtlebot3_ws/install/turtlebot3_fake_node/lib/turtlebot3_fake_node/turtlebot3_fake_node
[33.696s] -- Set runtime path of "/home/punosie/turtlebot3_ws/install/turtlebot3_fake_node/lib/turtlebot3_fake_node/turtlebot3_fake_node" to ""
[33.697s] -- Installing: /home/punosie/turtlebot3_ws/install/turtlebot3_fake_node/share/turtlebot3_fake_node/launch
[33.697s] -- Installing: /home/punosie/turtlebot3_ws/install/turtlebot3_fake_node/share/turtlebot3_fake_node/launch/turtlebot3_fake_node.launch.py
[33.697s] -- Installing: /home/punosie/turtlebot3_ws/install/turtlebot3_fake_node/share/turtlebot3_fake_node/launch/rviz2.launch.py
[33.697s] -- Installing: /home/punosie/turtlebot3_ws/install/turtlebot3_fake_node/share/turtlebot3_fake_node/param
[33.698s] -- Installing: /home/punosie/turtlebot3_ws/install/turtlebot3_fake_node/share/turtlebot3_fake_node/param/waffle.yaml
[33.698s] -- Installing: /home/punosie/turtlebot3_ws/install/turtlebot3_fake_node/share/turtlebot3_fake_node/param/burger.yaml
[33.698s] -- Installing: /home/punosie/turtlebot3_ws/install/turtlebot3_fake_node/share/turtlebot3_fake_node/param/waffle_pi.yaml
[33.698s] -- Installing: /home/punosie/turtlebot3_ws/install/turtlebot3_fake_node/include/
[33.698s] -- Installing: /home/punosie/turtlebot3_ws/install/turtlebot3_fake_node/include//turtlebot3_fake_node
[33.699s] -- Installing: /home/punosie/turtlebot3_ws/install/turtlebot3_fake_node/include//turtlebot3_fake_node/turtlebot3_fake_node.hpp
[33.699s] -- Installing: /home/punosie/turtlebot3_ws/install/turtlebot3_fake_node/share/ament_index/resource_index/package_run_dependencies/turtlebot3_fake_node
[33.699s] -- Installing: /home/punosie/turtlebot3_ws/install/turtlebot3_fake_node/share/ament_index/resource_index/parent_prefix_path/turtlebot3_fake_node
[33.699s] -- Installing: /home/punosie/turtlebot3_ws/install/turtlebot3_fake_node/share/turtlebot3_fake_node/environment/ament_prefix_path.sh
[33.699s] -- Installing: /home/punosie/turtlebot3_ws/install/turtlebot3_fake_node/share/turtlebot3_fake_node/environment/ament_prefix_path.dsv
[33.699s] -- Installing: /home/punosie/turtlebot3_ws/install/turtlebot3_fake_node/share/turtlebot3_fake_node/environment/path.sh
[33.699s] -- Installing: /home/punosie/turtlebot3_ws/install/turtlebot3_fake_node/share/turtlebot3_fake_node/environment/path.dsv
[33.699s] -- Installing: /home/punosie/turtlebot3_ws/install/turtlebot3_fake_node/share/turtlebot3_fake_node/local_setup.bash
[33.700s] -- Installing: /home/punosie/turtlebot3_ws/install/turtlebot3_fake_node/share/turtlebot3_fake_node/local_setup.sh
[33.700s] -- Installing: /home/punosie/turtlebot3_ws/install/turtlebot3_fake_node/share/turtlebot3_fake_node/local_setup.zsh
[33.700s] -- Installing: /home/punosie/turtlebot3_ws/install/turtlebot3_fake_node/share/turtlebot3_fake_node/local_setup.dsv
[33.700s] -- Installing: /home/punosie/turtlebot3_ws/install/turtlebot3_fake_node/share/turtlebot3_fake_node/package.dsv
[33.700s] -- Installing: /home/punosie/turtlebot3_ws/install/turtlebot3_fake_node/share/ament_index/resource_index/packages/turtlebot3_fake_node
[33.700s] -- Installing: /home/punosie/turtlebot3_ws/install/turtlebot3_fake_node/share/turtlebot3_fake_node/cmake/ament_cmake_export_include_directories-extras.cmake
[33.700s] -- Installing: /home/punosie/turtlebot3_ws/install/turtlebot3_fake_node/share/turtlebot3_fake_node/cmake/ament_cmake_export_dependencies-extras.cmake
[33.700s] -- Installing: /home/punosie/turtlebot3_ws/install/turtlebot3_fake_node/share/turtlebot3_fake_node/cmake/turtlebot3_fake_nodeConfig.cmake
[33.700s] -- Installing: /home/punosie/turtlebot3_ws/install/turtlebot3_fake_node/share/turtlebot3_fake_node/cmake/turtlebot3_fake_nodeConfig-version.cmake
[33.701s] -- Installing: /home/punosie/turtlebot3_ws/install/turtlebot3_fake_node/share/turtlebot3_fake_node/package.xml
[33.704s] Invoked command in '/home/punosie/turtlebot3_ws/build/turtlebot3_fake_node' returned '0': CMAKE_PREFIX_PATH=/home/punosie/turtlebot3_ws/install/turtlebot3_msgs:/home/punosie/turtlebot3_ws/install/turtlebot3:/home/punosie/turtlebot3_ws/install/turtlebot3_simulations:/home/punosie/turtlebot3_ws/install/turtlebot3_bringup:/home/punosie/turtlebot3_ws/install/turtlebot3_node:/home/punosie/turtlebot3_ws/install/turtlebot3_navigation2:/home/punosie/turtlebot3_ws/install/turtlebot3_fake_node:/home/punosie/turtlebot3_ws/install/turtlebot3_gazebo:/home/punosie/turtlebot3_ws/install/turtlebot3_description:/home/punosie/turtlebot3_ws/install/turtlebot3_cartographer:/home/punosie/turtlebot3_ws/install/softbot_description:/home/punosie/turtlebot3_ws/install/dynamixel_sdk_examples:/home/punosie/turtlebot3_ws/install/dynamixel_sdk_custom_interfaces:/home/punosie/turtlebot3_ws/install/dynamixel_sdk:/home/punosie/turtlebot3_ws/install/turtlebot3_teleop:/home/punosie/turtlebot3_ws/install/turtlebot3_example:/opt/ros/humble LD_LIBRARY_PATH=/home/punosie/turtlebot3_ws/install/turtlebot3_msgs/lib:/home/punosie/turtlebot3_ws/install/dynamixel_sdk_custom_interfaces/lib:/home/punosie/turtlebot3_ws/install/dynamixel_sdk/lib:/usr/lib/x86_64-linux-gnu/gazebo-11/plugins:/opt/ros/humble/opt/rviz_ogre_vendor/lib:/opt/ros/humble/lib/x86_64-linux-gnu:/opt/ros/humble/lib:/usr/lib/x86_64-linux-gnu/gazebo-11/plugins /usr/bin/cmake --install /home/punosie/turtlebot3_ws/build/turtlebot3_fake_node
