[0.045s] Invoking command in '/home/punosie/turtlebot3_ws/build/turtlebot3_node': CMAKE_PREFIX_PATH=/home/punosie/turtlebot3_ws/install/turtlebot3_msgs:/home/punosie/turtlebot3_ws/install/dynamixel_sdk:/home/punosie/turtlebot3_ws/install/turtlebot3:/home/punosie/turtlebot3_ws/install/turtlebot3_simulations:/home/punosie/turtlebot3_ws/install/turtlebot3_bringup:/home/punosie/turtlebot3_ws/install/turtlebot3_node:/home/punosie/turtlebot3_ws/install/turtlebot3_navigation2:/home/punosie/turtlebot3_ws/install/turtlebot3_fake_node:/home/punosie/turtlebot3_ws/install/turtlebot3_gazebo:/home/punosie/turtlebot3_ws/install/turtlebot3_description:/home/punosie/turtlebot3_ws/install/turtlebot3_cartographer:/home/punosie/turtlebot3_ws/install/softbot_description:/home/punosie/turtlebot3_ws/install/dynamixel_sdk_examples:/home/punosie/turtlebot3_ws/install/dynamixel_sdk_custom_interfaces:/home/punosie/turtlebot3_ws/install/turtlebot3_teleop:/home/punosie/turtlebot3_ws/install/turtlebot3_example:/opt/ros/humble LD_LIBRARY_PATH=/home/punosie/turtlebot3_ws/install/turtlebot3_msgs/lib:/home/punosie/turtlebot3_ws/install/dynamixel_sdk/lib:/home/punosie/turtlebot3_ws/install/dynamixel_sdk_custom_interfaces/lib:/usr/lib/x86_64-linux-gnu/gazebo-11/plugins:/opt/ros/humble/opt/rviz_ogre_vendor/lib:/opt/ros/humble/lib/x86_64-linux-gnu:/opt/ros/humble/lib:/usr/lib/x86_64-linux-gnu/gazebo-11/plugins /usr/bin/cmake /home/punosie/turtlebot3_ws/src/turtlebot3/turtlebot3_node -DCMAKE_INSTALL_PREFIX=/home/punosie/turtlebot3_ws/install/turtlebot3_node
[0.237s] -- The C compiler identification is GNU 11.4.0
[0.445s] -- The CXX compiler identification is GNU 11.4.0
[0.473s] -- Detecting C compiler ABI info
[0.657s] -- Detecting C compiler ABI info - done
[0.678s] -- Check for working C compiler: /usr/bin/cc - skipped
[0.679s] -- Detecting C compile features
[0.682s] -- Detecting C compile features - done
[0.689s] -- Detecting CXX compiler ABI info
[0.925s] -- Detecting CXX compiler ABI info - done
[0.945s] -- Check for working CXX compiler: /usr/bin/c++ - skipped
[0.946s] -- Detecting CXX compile features
[0.947s] -- Detecting CXX compile features - done
[0.955s] -- Found ament_cmake: 1.3.11 (/opt/ros/humble/share/ament_cmake/cmake)
[1.420s] -- Found Python3: /usr/bin/python3 (found version "3.10.12") found components: Interpreter 
[1.689s] -- Found dynamixel_sdk: 3.8.3 (/home/punosie/turtlebot3_ws/install/dynamixel_sdk/share/dynamixel_sdk/cmake)
[1.697s] -- Found geometry_msgs: 4.8.0 (/opt/ros/humble/share/geometry_msgs/cmake)
[1.803s] -- Found rosidl_generator_c: 3.1.6 (/opt/ros/humble/share/rosidl_generator_c/cmake)
[1.816s] -- Found rosidl_adapter: 3.1.6 (/opt/ros/humble/share/rosidl_adapter/cmake)
[1.842s] -- Found rosidl_generator_cpp: 3.1.6 (/opt/ros/humble/share/rosidl_generator_cpp/cmake)
[1.880s] -- Using all available rosidl_typesupport_c: rosidl_typesupport_fastrtps_c;rosidl_typesupport_introspection_c
[1.926s] -- Using all available rosidl_typesupport_cpp: rosidl_typesupport_fastrtps_cpp;rosidl_typesupport_introspection_cpp
[2.026s] -- Found message_filters: 4.3.7 (/opt/ros/humble/share/message_filters/cmake)
[2.137s] -- Found rmw_implementation_cmake: 6.1.2 (/opt/ros/humble/share/rmw_implementation_cmake/cmake)
[2.147s] -- Found rmw_fastrtps_cpp: 6.2.7 (/opt/ros/humble/share/rmw_fastrtps_cpp/cmake)
[2.348s] -- Found OpenSSL: /usr/lib/x86_64-linux-gnu/libcrypto.so (found version "3.0.2")  
[2.416s] -- Found FastRTPS: /opt/ros/humble/include  
[2.512s] -- Using RMW implementation 'rmw_fastrtps_cpp' as default
[2.532s] -- Looking for pthread.h
[2.684s] -- Looking for pthread.h - found
[2.684s] -- Performing Test CMAKE_HAVE_LIBC_PTHREAD
[2.844s] -- Performing Test CMAKE_HAVE_LIBC_PTHREAD - Success
[2.848s] -- Found Threads: TRUE  
[2.993s] -- Found nav_msgs: 4.8.0 (/opt/ros/humble/share/nav_msgs/cmake)
[3.058s] -- Found sensor_msgs: 4.8.0 (/opt/ros/humble/share/sensor_msgs/cmake)
[3.115s] -- Found std_srvs: 4.8.0 (/opt/ros/humble/share/std_srvs/cmake)
[3.147s] -- Found tf2: 0.25.12 (/opt/ros/humble/share/tf2/cmake)
[3.174s] -- Found tf2_ros: 0.25.12 (/opt/ros/humble/share/tf2_ros/cmake)
[3.511s] -- Found turtlebot3_msgs: 2.3.0 (/home/punosie/turtlebot3_ws/install/turtlebot3_msgs/share/turtlebot3_msgs/cmake)
[3.820s] -- Configuring done
[3.861s] -- Generating done
[3.878s] -- Build files have been written to: /home/punosie/turtlebot3_ws/build/turtlebot3_node
[3.900s] Invoked command in '/home/punosie/turtlebot3_ws/build/turtlebot3_node' returned '0': CMAKE_PREFIX_PATH=/home/punosie/turtlebot3_ws/install/turtlebot3_msgs:/home/punosie/turtlebot3_ws/install/dynamixel_sdk:/home/punosie/turtlebot3_ws/install/turtlebot3:/home/punosie/turtlebot3_ws/install/turtlebot3_simulations:/home/punosie/turtlebot3_ws/install/turtlebot3_bringup:/home/punosie/turtlebot3_ws/install/turtlebot3_node:/home/punosie/turtlebot3_ws/install/turtlebot3_navigation2:/home/punosie/turtlebot3_ws/install/turtlebot3_fake_node:/home/punosie/turtlebot3_ws/install/turtlebot3_gazebo:/home/punosie/turtlebot3_ws/install/turtlebot3_description:/home/punosie/turtlebot3_ws/install/turtlebot3_cartographer:/home/punosie/turtlebot3_ws/install/softbot_description:/home/punosie/turtlebot3_ws/install/dynamixel_sdk_examples:/home/punosie/turtlebot3_ws/install/dynamixel_sdk_custom_interfaces:/home/punosie/turtlebot3_ws/install/turtlebot3_teleop:/home/punosie/turtlebot3_ws/install/turtlebot3_example:/opt/ros/humble LD_LIBRARY_PATH=/home/punosie/turtlebot3_ws/install/turtlebot3_msgs/lib:/home/punosie/turtlebot3_ws/install/dynamixel_sdk/lib:/home/punosie/turtlebot3_ws/install/dynamixel_sdk_custom_interfaces/lib:/usr/lib/x86_64-linux-gnu/gazebo-11/plugins:/opt/ros/humble/opt/rviz_ogre_vendor/lib:/opt/ros/humble/lib/x86_64-linux-gnu:/opt/ros/humble/lib:/usr/lib/x86_64-linux-gnu/gazebo-11/plugins /usr/bin/cmake /home/punosie/turtlebot3_ws/src/turtlebot3/turtlebot3_node -DCMAKE_INSTALL_PREFIX=/home/punosie/turtlebot3_ws/install/turtlebot3_node
[3.907s] Invoking command in '/home/punosie/turtlebot3_ws/build/turtlebot3_node': CMAKE_PREFIX_PATH=/home/punosie/turtlebot3_ws/install/turtlebot3_msgs:/home/punosie/turtlebot3_ws/install/dynamixel_sdk:/home/punosie/turtlebot3_ws/install/turtlebot3:/home/punosie/turtlebot3_ws/install/turtlebot3_simulations:/home/punosie/turtlebot3_ws/install/turtlebot3_bringup:/home/punosie/turtlebot3_ws/install/turtlebot3_node:/home/punosie/turtlebot3_ws/install/turtlebot3_navigation2:/home/punosie/turtlebot3_ws/install/turtlebot3_fake_node:/home/punosie/turtlebot3_ws/install/turtlebot3_gazebo:/home/punosie/turtlebot3_ws/install/turtlebot3_description:/home/punosie/turtlebot3_ws/install/turtlebot3_cartographer:/home/punosie/turtlebot3_ws/install/softbot_description:/home/punosie/turtlebot3_ws/install/dynamixel_sdk_examples:/home/punosie/turtlebot3_ws/install/dynamixel_sdk_custom_interfaces:/home/punosie/turtlebot3_ws/install/turtlebot3_teleop:/home/punosie/turtlebot3_ws/install/turtlebot3_example:/opt/ros/humble LD_LIBRARY_PATH=/home/punosie/turtlebot3_ws/install/turtlebot3_msgs/lib:/home/punosie/turtlebot3_ws/install/dynamixel_sdk/lib:/home/punosie/turtlebot3_ws/install/dynamixel_sdk_custom_interfaces/lib:/usr/lib/x86_64-linux-gnu/gazebo-11/plugins:/opt/ros/humble/opt/rviz_ogre_vendor/lib:/opt/ros/humble/lib/x86_64-linux-gnu:/opt/ros/humble/lib:/usr/lib/x86_64-linux-gnu/gazebo-11/plugins /usr/bin/cmake --build /home/punosie/turtlebot3_ws/build/turtlebot3_node -- -j12 -l12
[4.061s] [  7%] [32mBuilding CXX object CMakeFiles/turtlebot3_node_lib.dir/src/devices/motor_power.cpp.o[0m
[4.061s] [ 14%] [32mBuilding CXX object CMakeFiles/turtlebot3_node_lib.dir/src/dynamixel_sdk_wrapper.cpp.o[0m
[4.063s] [ 21%] [32mBuilding CXX object CMakeFiles/turtlebot3_node_lib.dir/src/devices/reset.cpp.o[0m
[4.072s] [ 28%] [32mBuilding CXX object CMakeFiles/turtlebot3_node_lib.dir/src/devices/sound.cpp.o[0m
[4.075s] [ 35%] [32mBuilding CXX object CMakeFiles/turtlebot3_node_lib.dir/src/odometry.cpp.o[0m
[4.080s] [ 42%] [32mBuilding CXX object CMakeFiles/turtlebot3_node_lib.dir/src/diff_drive_controller.cpp.o[0m
[4.098s] [ 50%] [32mBuilding CXX object CMakeFiles/turtlebot3_node_lib.dir/src/turtlebot3.cpp.o[0m
[4.098s] [ 57%] [32mBuilding CXX object CMakeFiles/turtlebot3_node_lib.dir/src/sensors/battery_state.cpp.o[0m
[4.108s] [ 64%] [32mBuilding CXX object CMakeFiles/turtlebot3_node_lib.dir/src/sensors/imu.cpp.o[0m
[4.117s] [ 71%] [32mBuilding CXX object CMakeFiles/turtlebot3_node_lib.dir/src/sensors/joint_state.cpp.o[0m
[4.126s] [ 78%] [32mBuilding CXX object CMakeFiles/turtlebot3_node_lib.dir/src/sensors/sensor_state.cpp.o[0m
[49.904s] [ 85%] [32m[1mLinking CXX static library libturtlebot3_node_lib.a[0m
[50.626s] [ 85%] Built target turtlebot3_node_lib
[50.660s] [ 92%] [32mBuilding CXX object CMakeFiles/turtlebot3_ros.dir/src/node_main.cpp.o[0m
[55.206s] [100%] [32m[1mLinking CXX executable turtlebot3_ros[0m
[57.976s] [100%] Built target turtlebot3_ros
[57.990s] Invoked command in '/home/punosie/turtlebot3_ws/build/turtlebot3_node' returned '0': CMAKE_PREFIX_PATH=/home/punosie/turtlebot3_ws/install/turtlebot3_msgs:/home/punosie/turtlebot3_ws/install/dynamixel_sdk:/home/punosie/turtlebot3_ws/install/turtlebot3:/home/punosie/turtlebot3_ws/install/turtlebot3_simulations:/home/punosie/turtlebot3_ws/install/turtlebot3_bringup:/home/punosie/turtlebot3_ws/install/turtlebot3_node:/home/punosie/turtlebot3_ws/install/turtlebot3_navigation2:/home/punosie/turtlebot3_ws/install/turtlebot3_fake_node:/home/punosie/turtlebot3_ws/install/turtlebot3_gazebo:/home/punosie/turtlebot3_ws/install/turtlebot3_description:/home/punosie/turtlebot3_ws/install/turtlebot3_cartographer:/home/punosie/turtlebot3_ws/install/softbot_description:/home/punosie/turtlebot3_ws/install/dynamixel_sdk_examples:/home/punosie/turtlebot3_ws/install/dynamixel_sdk_custom_interfaces:/home/punosie/turtlebot3_ws/install/turtlebot3_teleop:/home/punosie/turtlebot3_ws/install/turtlebot3_example:/opt/ros/humble LD_LIBRARY_PATH=/home/punosie/turtlebot3_ws/install/turtlebot3_msgs/lib:/home/punosie/turtlebot3_ws/install/dynamixel_sdk/lib:/home/punosie/turtlebot3_ws/install/dynamixel_sdk_custom_interfaces/lib:/usr/lib/x86_64-linux-gnu/gazebo-11/plugins:/opt/ros/humble/opt/rviz_ogre_vendor/lib:/opt/ros/humble/lib/x86_64-linux-gnu:/opt/ros/humble/lib:/usr/lib/x86_64-linux-gnu/gazebo-11/plugins /usr/bin/cmake --build /home/punosie/turtlebot3_ws/build/turtlebot3_node -- -j12 -l12
[57.993s] Invoking command in '/home/punosie/turtlebot3_ws/build/turtlebot3_node': CMAKE_PREFIX_PATH=/home/punosie/turtlebot3_ws/install/turtlebot3_msgs:/home/punosie/turtlebot3_ws/install/dynamixel_sdk:/home/punosie/turtlebot3_ws/install/turtlebot3:/home/punosie/turtlebot3_ws/install/turtlebot3_simulations:/home/punosie/turtlebot3_ws/install/turtlebot3_bringup:/home/punosie/turtlebot3_ws/install/turtlebot3_node:/home/punosie/turtlebot3_ws/install/turtlebot3_navigation2:/home/punosie/turtlebot3_ws/install/turtlebot3_fake_node:/home/punosie/turtlebot3_ws/install/turtlebot3_gazebo:/home/punosie/turtlebot3_ws/install/turtlebot3_description:/home/punosie/turtlebot3_ws/install/turtlebot3_cartographer:/home/punosie/turtlebot3_ws/install/softbot_description:/home/punosie/turtlebot3_ws/install/dynamixel_sdk_examples:/home/punosie/turtlebot3_ws/install/dynamixel_sdk_custom_interfaces:/home/punosie/turtlebot3_ws/install/turtlebot3_teleop:/home/punosie/turtlebot3_ws/install/turtlebot3_example:/opt/ros/humble LD_LIBRARY_PATH=/home/punosie/turtlebot3_ws/install/turtlebot3_msgs/lib:/home/punosie/turtlebot3_ws/install/dynamixel_sdk/lib:/home/punosie/turtlebot3_ws/install/dynamixel_sdk_custom_interfaces/lib:/usr/lib/x86_64-linux-gnu/gazebo-11/plugins:/opt/ros/humble/opt/rviz_ogre_vendor/lib:/opt/ros/humble/lib/x86_64-linux-gnu:/opt/ros/humble/lib:/usr/lib/x86_64-linux-gnu/gazebo-11/plugins /usr/bin/cmake --install /home/punosie/turtlebot3_ws/build/turtlebot3_node
[58.003s] -- Install configuration: ""
[58.003s] -- Installing: /home/punosie/turtlebot3_ws/install/turtlebot3_node/share/turtlebot3_node/param
[58.003s] -- Installing: /home/punosie/turtlebot3_ws/install/turtlebot3_node/share/turtlebot3_node/param/waffle.yaml
[58.004s] -- Installing: /home/punosie/turtlebot3_ws/install/turtlebot3_node/share/turtlebot3_node/param/burger.yaml
[58.004s] -- Installing: /home/punosie/turtlebot3_ws/install/turtlebot3_node/share/turtlebot3_node/param/waffle_pi.yaml
[58.004s] -- Installing: /home/punosie/turtlebot3_ws/install/turtlebot3_node/lib/turtlebot3_node/turtlebot3_ros
[58.018s] -- Set runtime path of "/home/punosie/turtlebot3_ws/install/turtlebot3_node/lib/turtlebot3_node/turtlebot3_ros" to ""
[58.018s] -- Installing: /home/punosie/turtlebot3_ws/install/turtlebot3_node/share/ament_index/resource_index/package_run_dependencies/turtlebot3_node
[58.018s] -- Installing: /home/punosie/turtlebot3_ws/install/turtlebot3_node/share/ament_index/resource_index/parent_prefix_path/turtlebot3_node
[58.018s] -- Installing: /home/punosie/turtlebot3_ws/install/turtlebot3_node/share/turtlebot3_node/environment/ament_prefix_path.sh
[58.018s] -- Installing: /home/punosie/turtlebot3_ws/install/turtlebot3_node/share/turtlebot3_node/environment/ament_prefix_path.dsv
[58.018s] -- Installing: /home/punosie/turtlebot3_ws/install/turtlebot3_node/share/turtlebot3_node/environment/path.sh
[58.018s] -- Installing: /home/punosie/turtlebot3_ws/install/turtlebot3_node/share/turtlebot3_node/environment/path.dsv
[58.019s] -- Installing: /home/punosie/turtlebot3_ws/install/turtlebot3_node/share/turtlebot3_node/local_setup.bash
[58.019s] -- Installing: /home/punosie/turtlebot3_ws/install/turtlebot3_node/share/turtlebot3_node/local_setup.sh
[58.019s] -- Installing: /home/punosie/turtlebot3_ws/install/turtlebot3_node/share/turtlebot3_node/local_setup.zsh
[58.019s] -- Installing: /home/punosie/turtlebot3_ws/install/turtlebot3_node/share/turtlebot3_node/local_setup.dsv
[58.019s] -- Installing: /home/punosie/turtlebot3_ws/install/turtlebot3_node/share/turtlebot3_node/package.dsv
[58.019s] -- Installing: /home/punosie/turtlebot3_ws/install/turtlebot3_node/share/ament_index/resource_index/packages/turtlebot3_node
[58.019s] -- Installing: /home/punosie/turtlebot3_ws/install/turtlebot3_node/share/turtlebot3_node/cmake/ament_cmake_export_include_directories-extras.cmake
[58.019s] -- Installing: /home/punosie/turtlebot3_ws/install/turtlebot3_node/share/turtlebot3_node/cmake/turtlebot3_nodeConfig.cmake
[58.019s] -- Installing: /home/punosie/turtlebot3_ws/install/turtlebot3_node/share/turtlebot3_node/cmake/turtlebot3_nodeConfig-version.cmake
[58.019s] -- Installing: /home/punosie/turtlebot3_ws/install/turtlebot3_node/share/turtlebot3_node/package.xml
[58.022s] Invoked command in '/home/punosie/turtlebot3_ws/build/turtlebot3_node' returned '0': CMAKE_PREFIX_PATH=/home/punosie/turtlebot3_ws/install/turtlebot3_msgs:/home/punosie/turtlebot3_ws/install/dynamixel_sdk:/home/punosie/turtlebot3_ws/install/turtlebot3:/home/punosie/turtlebot3_ws/install/turtlebot3_simulations:/home/punosie/turtlebot3_ws/install/turtlebot3_bringup:/home/punosie/turtlebot3_ws/install/turtlebot3_node:/home/punosie/turtlebot3_ws/install/turtlebot3_navigation2:/home/punosie/turtlebot3_ws/install/turtlebot3_fake_node:/home/punosie/turtlebot3_ws/install/turtlebot3_gazebo:/home/punosie/turtlebot3_ws/install/turtlebot3_description:/home/punosie/turtlebot3_ws/install/turtlebot3_cartographer:/home/punosie/turtlebot3_ws/install/softbot_description:/home/punosie/turtlebot3_ws/install/dynamixel_sdk_examples:/home/punosie/turtlebot3_ws/install/dynamixel_sdk_custom_interfaces:/home/punosie/turtlebot3_ws/install/turtlebot3_teleop:/home/punosie/turtlebot3_ws/install/turtlebot3_example:/opt/ros/humble LD_LIBRARY_PATH=/home/punosie/turtlebot3_ws/install/turtlebot3_msgs/lib:/home/punosie/turtlebot3_ws/install/dynamixel_sdk/lib:/home/punosie/turtlebot3_ws/install/dynamixel_sdk_custom_interfaces/lib:/usr/lib/x86_64-linux-gnu/gazebo-11/plugins:/opt/ros/humble/opt/rviz_ogre_vendor/lib:/opt/ros/humble/lib/x86_64-linux-gnu:/opt/ros/humble/lib:/usr/lib/x86_64-linux-gnu/gazebo-11/plugins /usr/bin/cmake --install /home/punosie/turtlebot3_ws/build/turtlebot3_node
