[3.184s] Invoking command in '/home/punosie/turtlebot3_ws/src/turtlebot3/turtlebot3_example': CMAKE_PREFIX_PATH=/home/punosie/turtlebot3_ws/install/turtlebot3_msgs:/home/punosie/turtlebot3_ws/install/turtlebot3:/home/punosie/turtlebot3_ws/install/turtlebot3_simulations:/home/punosie/turtlebot3_ws/install/turtlebot3_bringup:/home/punosie/turtlebot3_ws/install/turtlebot3_node:/home/punosie/turtlebot3_ws/install/turtlebot3_navigation2:/home/punosie/turtlebot3_ws/install/turtlebot3_fake_node:/home/punosie/turtlebot3_ws/install/turtlebot3_gazebo:/home/punosie/turtlebot3_ws/install/turtlebot3_description:/home/punosie/turtlebot3_ws/install/turtlebot3_cartographer:/home/punosie/turtlebot3_ws/install/softbot_description:/home/punosie/turtlebot3_ws/install/dynamixel_sdk_examples:/home/punosie/turtlebot3_ws/install/dynamixel_sdk_custom_interfaces:/home/punosie/turtlebot3_ws/install/dynamixel_sdk LD_LIBRARY_PATH=/home/punosie/turtlebot3_ws/install/turtlebot3_msgs/lib:/home/punosie/turtlebot3_ws/install/dynamixel_sdk_custom_interfaces/lib:/home/punosie/turtlebot3_ws/install/dynamixel_sdk/lib:/usr/lib/x86_64-linux-gnu/gazebo-11/plugins:/opt/ros/humble/opt/rviz_ogre_vendor/lib:/opt/ros/humble/lib/x86_64-linux-gnu:/opt/ros/humble/lib:/usr/lib/x86_64-linux-gnu/gazebo-11/plugins PYTHONPATH=/home/punosie/turtlebot3_ws/build/turtlebot3_example/prefix_override:/usr/lib/python3/dist-packages/colcon_core/task/python/colcon_distutils_commands:/home/punosie/turtlebot3_ws/install/turtlebot3_example/lib/python3.10/site-packages:${PYTHONPATH} /usr/bin/python3 -W ignore:setup.py install is deprecated -W ignore:easy_install command is deprecated setup.py egg_info --egg-base ../../../build/turtlebot3_example build --build-base /home/punosie/turtlebot3_ws/build/turtlebot3_example/build install --record /home/punosie/turtlebot3_ws/build/turtlebot3_example/install.log --single-version-externally-managed install_data
[4.530s] running egg_info
[4.530s] creating ../../../build/turtlebot3_example/turtlebot3_example.egg-info
[4.531s] writing ../../../build/turtlebot3_example/turtlebot3_example.egg-info/PKG-INFO
[4.531s] writing dependency_links to ../../../build/turtlebot3_example/turtlebot3_example.egg-info/dependency_links.txt
[4.532s] writing entry points to ../../../build/turtlebot3_example/turtlebot3_example.egg-info/entry_points.txt
[4.533s] writing requirements to ../../../build/turtlebot3_example/turtlebot3_example.egg-info/requires.txt
[4.533s] writing top-level names to ../../../build/turtlebot3_example/turtlebot3_example.egg-info/top_level.txt
[4.537s] writing manifest file '../../../build/turtlebot3_example/turtlebot3_example.egg-info/SOURCES.txt'
[4.544s] reading manifest file '../../../build/turtlebot3_example/turtlebot3_example.egg-info/SOURCES.txt'
[4.547s] writing manifest file '../../../build/turtlebot3_example/turtlebot3_example.egg-info/SOURCES.txt'
[4.547s] running build
[4.548s] running build_py
[4.548s] creating /home/punosie/turtlebot3_ws/build/turtlebot3_example/build
[4.549s] creating /home/punosie/turtlebot3_ws/build/turtlebot3_example/build/lib
[4.549s] creating /home/punosie/turtlebot3_ws/build/turtlebot3_example/build/lib/turtlebot3_example
[4.551s] copying turtlebot3_example/__init__.py -> /home/punosie/turtlebot3_ws/build/turtlebot3_example/build/lib/turtlebot3_example
[4.551s] creating /home/punosie/turtlebot3_ws/build/turtlebot3_example/build/lib/turtlebot3_example/turtlebot3_interactive_marker
[4.551s] copying turtlebot3_example/turtlebot3_interactive_marker/turtlebot3_interactive_marker.py -> /home/punosie/turtlebot3_ws/build/turtlebot3_example/build/lib/turtlebot3_example/turtlebot3_interactive_marker
[4.556s] copying turtlebot3_example/turtlebot3_interactive_marker/__init__.py -> /home/punosie/turtlebot3_ws/build/turtlebot3_example/build/lib/turtlebot3_example/turtlebot3_interactive_marker
[4.557s] creating /home/punosie/turtlebot3_ws/build/turtlebot3_example/build/lib/turtlebot3_example/turtlebot3_relative_move
[4.558s] copying turtlebot3_example/turtlebot3_relative_move/__init__.py -> /home/punosie/turtlebot3_ws/build/turtlebot3_example/build/lib/turtlebot3_example/turtlebot3_relative_move
[4.561s] copying turtlebot3_example/turtlebot3_relative_move/turtlebot3_relative_move.py -> /home/punosie/turtlebot3_ws/build/turtlebot3_example/build/lib/turtlebot3_example/turtlebot3_relative_move
[4.563s] creating /home/punosie/turtlebot3_ws/build/turtlebot3_example/build/lib/turtlebot3_example/turtlebot3_obstacle_detection
[4.563s] copying turtlebot3_example/turtlebot3_obstacle_detection/turtlebot3_obstacle_detection.py -> /home/punosie/turtlebot3_ws/build/turtlebot3_example/build/lib/turtlebot3_example/turtlebot3_obstacle_detection
[4.564s] copying turtlebot3_example/turtlebot3_obstacle_detection/__init__.py -> /home/punosie/turtlebot3_ws/build/turtlebot3_example/build/lib/turtlebot3_example/turtlebot3_obstacle_detection
[4.565s] creating /home/punosie/turtlebot3_ws/build/turtlebot3_example/build/lib/turtlebot3_example/turtlebot3_patrol
[4.566s] copying turtlebot3_example/turtlebot3_patrol/turtlebot3_patrol_client.py -> /home/punosie/turtlebot3_ws/build/turtlebot3_example/build/lib/turtlebot3_example/turtlebot3_patrol
[4.571s] copying turtlebot3_example/turtlebot3_patrol/__init__.py -> /home/punosie/turtlebot3_ws/build/turtlebot3_example/build/lib/turtlebot3_example/turtlebot3_patrol
[4.571s] copying turtlebot3_example/turtlebot3_patrol/turtlebot3_patrol_server.py -> /home/punosie/turtlebot3_ws/build/turtlebot3_example/build/lib/turtlebot3_example/turtlebot3_patrol
[4.572s] creating /home/punosie/turtlebot3_ws/build/turtlebot3_example/build/lib/turtlebot3_example/turtlebot3_absolute_move
[4.577s] copying turtlebot3_example/turtlebot3_absolute_move/__init__.py -> /home/punosie/turtlebot3_ws/build/turtlebot3_example/build/lib/turtlebot3_example/turtlebot3_absolute_move
[4.577s] copying turtlebot3_example/turtlebot3_absolute_move/turtlebot3_absolute_move.py -> /home/punosie/turtlebot3_ws/build/turtlebot3_example/build/lib/turtlebot3_example/turtlebot3_absolute_move
[4.580s] running install
[4.586s] running install_lib
[4.600s] creating /home/punosie/turtlebot3_ws/install/turtlebot3_example/lib/python3.10/site-packages/turtlebot3_example
[4.600s] creating /home/punosie/turtlebot3_ws/install/turtlebot3_example/lib/python3.10/site-packages/turtlebot3_example/turtlebot3_interactive_marker
[4.601s] copying /home/punosie/turtlebot3_ws/build/turtlebot3_example/build/lib/turtlebot3_example/turtlebot3_interactive_marker/turtlebot3_interactive_marker.py -> /home/punosie/turtlebot3_ws/install/turtlebot3_example/lib/python3.10/site-packages/turtlebot3_example/turtlebot3_interactive_marker
[4.601s] copying /home/punosie/turtlebot3_ws/build/turtlebot3_example/build/lib/turtlebot3_example/turtlebot3_interactive_marker/__init__.py -> /home/punosie/turtlebot3_ws/install/turtlebot3_example/lib/python3.10/site-packages/turtlebot3_example/turtlebot3_interactive_marker
[4.602s] creating /home/punosie/turtlebot3_ws/install/turtlebot3_example/lib/python3.10/site-packages/turtlebot3_example/turtlebot3_relative_move
[4.602s] copying /home/punosie/turtlebot3_ws/build/turtlebot3_example/build/lib/turtlebot3_example/turtlebot3_relative_move/__init__.py -> /home/punosie/turtlebot3_ws/install/turtlebot3_example/lib/python3.10/site-packages/turtlebot3_example/turtlebot3_relative_move
[4.603s] copying /home/punosie/turtlebot3_ws/build/turtlebot3_example/build/lib/turtlebot3_example/turtlebot3_relative_move/turtlebot3_relative_move.py -> /home/punosie/turtlebot3_ws/install/turtlebot3_example/lib/python3.10/site-packages/turtlebot3_example/turtlebot3_relative_move
[4.607s] creating /home/punosie/turtlebot3_ws/install/turtlebot3_example/lib/python3.10/site-packages/turtlebot3_example/turtlebot3_obstacle_detection
[4.607s] copying /home/punosie/turtlebot3_ws/build/turtlebot3_example/build/lib/turtlebot3_example/turtlebot3_obstacle_detection/turtlebot3_obstacle_detection.py -> /home/punosie/turtlebot3_ws/install/turtlebot3_example/lib/python3.10/site-packages/turtlebot3_example/turtlebot3_obstacle_detection
[4.609s] copying /home/punosie/turtlebot3_ws/build/turtlebot3_example/build/lib/turtlebot3_example/turtlebot3_obstacle_detection/__init__.py -> /home/punosie/turtlebot3_ws/install/turtlebot3_example/lib/python3.10/site-packages/turtlebot3_example/turtlebot3_obstacle_detection
[4.610s] copying /home/punosie/turtlebot3_ws/build/turtlebot3_example/build/lib/turtlebot3_example/__init__.py -> /home/punosie/turtlebot3_ws/install/turtlebot3_example/lib/python3.10/site-packages/turtlebot3_example
[4.611s] creating /home/punosie/turtlebot3_ws/install/turtlebot3_example/lib/python3.10/site-packages/turtlebot3_example/turtlebot3_patrol
[4.611s] copying /home/punosie/turtlebot3_ws/build/turtlebot3_example/build/lib/turtlebot3_example/turtlebot3_patrol/turtlebot3_patrol_client.py -> /home/punosie/turtlebot3_ws/install/turtlebot3_example/lib/python3.10/site-packages/turtlebot3_example/turtlebot3_patrol
[4.616s] copying /home/punosie/turtlebot3_ws/build/turtlebot3_example/build/lib/turtlebot3_example/turtlebot3_patrol/__init__.py -> /home/punosie/turtlebot3_ws/install/turtlebot3_example/lib/python3.10/site-packages/turtlebot3_example/turtlebot3_patrol
[4.618s] copying /home/punosie/turtlebot3_ws/build/turtlebot3_example/build/lib/turtlebot3_example/turtlebot3_patrol/turtlebot3_patrol_server.py -> /home/punosie/turtlebot3_ws/install/turtlebot3_example/lib/python3.10/site-packages/turtlebot3_example/turtlebot3_patrol
[4.618s] creating /home/punosie/turtlebot3_ws/install/turtlebot3_example/lib/python3.10/site-packages/turtlebot3_example/turtlebot3_absolute_move
[4.623s] copying /home/punosie/turtlebot3_ws/build/turtlebot3_example/build/lib/turtlebot3_example/turtlebot3_absolute_move/__init__.py -> /home/punosie/turtlebot3_ws/install/turtlebot3_example/lib/python3.10/site-packages/turtlebot3_example/turtlebot3_absolute_move
[4.624s] copying /home/punosie/turtlebot3_ws/build/turtlebot3_example/build/lib/turtlebot3_example/turtlebot3_absolute_move/turtlebot3_absolute_move.py -> /home/punosie/turtlebot3_ws/install/turtlebot3_example/lib/python3.10/site-packages/turtlebot3_example/turtlebot3_absolute_move
[4.626s] byte-compiling /home/punosie/turtlebot3_ws/install/turtlebot3_example/lib/python3.10/site-packages/turtlebot3_example/turtlebot3_interactive_marker/turtlebot3_interactive_marker.py to turtlebot3_interactive_marker.cpython-310.pyc
[4.636s] byte-compiling /home/punosie/turtlebot3_ws/install/turtlebot3_example/lib/python3.10/site-packages/turtlebot3_example/turtlebot3_interactive_marker/__init__.py to __init__.cpython-310.pyc
[4.643s] byte-compiling /home/punosie/turtlebot3_ws/install/turtlebot3_example/lib/python3.10/site-packages/turtlebot3_example/turtlebot3_relative_move/__init__.py to __init__.cpython-310.pyc
[4.643s] byte-compiling /home/punosie/turtlebot3_ws/install/turtlebot3_example/lib/python3.10/site-packages/turtlebot3_example/turtlebot3_relative_move/turtlebot3_relative_move.py to turtlebot3_relative_move.cpython-310.pyc
[4.654s] byte-compiling /home/punosie/turtlebot3_ws/install/turtlebot3_example/lib/python3.10/site-packages/turtlebot3_example/turtlebot3_obstacle_detection/turtlebot3_obstacle_detection.py to turtlebot3_obstacle_detection.cpython-310.pyc
[4.659s] byte-compiling /home/punosie/turtlebot3_ws/install/turtlebot3_example/lib/python3.10/site-packages/turtlebot3_example/turtlebot3_obstacle_detection/__init__.py to __init__.cpython-310.pyc
[4.664s] byte-compiling /home/punosie/turtlebot3_ws/install/turtlebot3_example/lib/python3.10/site-packages/turtlebot3_example/__init__.py to __init__.cpython-310.pyc
[4.668s] byte-compiling /home/punosie/turtlebot3_ws/install/turtlebot3_example/lib/python3.10/site-packages/turtlebot3_example/turtlebot3_patrol/turtlebot3_patrol_client.py to turtlebot3_patrol_client.cpython-310.pyc
[4.674s] byte-compiling /home/punosie/turtlebot3_ws/install/turtlebot3_example/lib/python3.10/site-packages/turtlebot3_example/turtlebot3_patrol/__init__.py to __init__.cpython-310.pyc
[4.674s] byte-compiling /home/punosie/turtlebot3_ws/install/turtlebot3_example/lib/python3.10/site-packages/turtlebot3_example/turtlebot3_patrol/turtlebot3_patrol_server.py to turtlebot3_patrol_server.cpython-310.pyc
[4.687s] byte-compiling /home/punosie/turtlebot3_ws/install/turtlebot3_example/lib/python3.10/site-packages/turtlebot3_example/turtlebot3_absolute_move/__init__.py to __init__.cpython-310.pyc
[4.687s] byte-compiling /home/punosie/turtlebot3_ws/install/turtlebot3_example/lib/python3.10/site-packages/turtlebot3_example/turtlebot3_absolute_move/turtlebot3_absolute_move.py to turtlebot3_absolute_move.cpython-310.pyc
[4.700s] running install_data
[4.702s] creating /home/punosie/turtlebot3_ws/install/turtlebot3_example/share/ament_index
[4.710s] creating /home/punosie/turtlebot3_ws/install/turtlebot3_example/share/ament_index/resource_index
[4.710s] creating /home/punosie/turtlebot3_ws/install/turtlebot3_example/share/ament_index/resource_index/packages
[4.710s] copying resource/turtlebot3_example -> /home/punosie/turtlebot3_ws/install/turtlebot3_example/share/ament_index/resource_index/packages
[4.711s] copying package.xml -> /home/punosie/turtlebot3_ws/install/turtlebot3_example/share/turtlebot3_example
[4.711s] running install_egg_info
[4.736s] Copying ../../../build/turtlebot3_example/turtlebot3_example.egg-info to /home/punosie/turtlebot3_ws/install/turtlebot3_example/lib/python3.10/site-packages/turtlebot3_example-2.2.9-py3.10.egg-info
[4.753s] running install_scripts
[4.992s] Installing turtlebot3_absolute_move script to /home/punosie/turtlebot3_ws/install/turtlebot3_example/lib/turtlebot3_example
[4.997s] Installing turtlebot3_interactive_marker script to /home/punosie/turtlebot3_ws/install/turtlebot3_example/lib/turtlebot3_example
[4.998s] Installing turtlebot3_obstacle_detection script to /home/punosie/turtlebot3_ws/install/turtlebot3_example/lib/turtlebot3_example
[5.003s] Installing turtlebot3_patrol_client script to /home/punosie/turtlebot3_ws/install/turtlebot3_example/lib/turtlebot3_example
[5.003s] Installing turtlebot3_patrol_server script to /home/punosie/turtlebot3_ws/install/turtlebot3_example/lib/turtlebot3_example
[5.003s] Installing turtlebot3_relative_move script to /home/punosie/turtlebot3_ws/install/turtlebot3_example/lib/turtlebot3_example
[5.012s] writing list of installed files to '/home/punosie/turtlebot3_ws/build/turtlebot3_example/install.log'
[5.157s] Invoked command in '/home/punosie/turtlebot3_ws/src/turtlebot3/turtlebot3_example' returned '0': CMAKE_PREFIX_PATH=/home/punosie/turtlebot3_ws/install/turtlebot3_msgs:/home/punosie/turtlebot3_ws/install/turtlebot3:/home/punosie/turtlebot3_ws/install/turtlebot3_simulations:/home/punosie/turtlebot3_ws/install/turtlebot3_bringup:/home/punosie/turtlebot3_ws/install/turtlebot3_node:/home/punosie/turtlebot3_ws/install/turtlebot3_navigation2:/home/punosie/turtlebot3_ws/install/turtlebot3_fake_node:/home/punosie/turtlebot3_ws/install/turtlebot3_gazebo:/home/punosie/turtlebot3_ws/install/turtlebot3_description:/home/punosie/turtlebot3_ws/install/turtlebot3_cartographer:/home/punosie/turtlebot3_ws/install/softbot_description:/home/punosie/turtlebot3_ws/install/dynamixel_sdk_examples:/home/punosie/turtlebot3_ws/install/dynamixel_sdk_custom_interfaces:/home/punosie/turtlebot3_ws/install/dynamixel_sdk LD_LIBRARY_PATH=/home/punosie/turtlebot3_ws/install/turtlebot3_msgs/lib:/home/punosie/turtlebot3_ws/install/dynamixel_sdk_custom_interfaces/lib:/home/punosie/turtlebot3_ws/install/dynamixel_sdk/lib:/usr/lib/x86_64-linux-gnu/gazebo-11/plugins:/opt/ros/humble/opt/rviz_ogre_vendor/lib:/opt/ros/humble/lib/x86_64-linux-gnu:/opt/ros/humble/lib:/usr/lib/x86_64-linux-gnu/gazebo-11/plugins PYTHONPATH=/home/punosie/turtlebot3_ws/build/turtlebot3_example/prefix_override:/usr/lib/python3/dist-packages/colcon_core/task/python/colcon_distutils_commands:/home/punosie/turtlebot3_ws/install/turtlebot3_example/lib/python3.10/site-packages:${PYTHONPATH} /usr/bin/python3 -W ignore:setup.py install is deprecated -W ignore:easy_install command is deprecated setup.py egg_info --egg-base ../../../build/turtlebot3_example build --build-base /home/punosie/turtlebot3_ws/build/turtlebot3_example/build install --record /home/punosie/turtlebot3_ws/build/turtlebot3_example/install.log --single-version-externally-managed install_data
