[0.022s] Invoking command in '/home/punosie/turtlebot3_ws/build/turtlebot3_bringup': CMAKE_PREFIX_PATH=/home/punosie/turtlebot3_ws/install/turtlebot3_node:/home/punosie/turtlebot3_ws/install/turtlebot3_msgs:/home/punosie/turtlebot3_ws/install/turtlebot3_description:/home/punosie/turtlebot3_ws/install/dynamixel_sdk:/home/punosie/turtlebot3_ws/install/turtlebot3:/home/punosie/turtlebot3_ws/install/turtlebot3_simulations:/home/punosie/turtlebot3_ws/install/turtlebot3_bringup:/home/punosie/turtlebot3_ws/install/turtlebot3_navigation2:/home/punosie/turtlebot3_ws/install/turtlebot3_fake_node:/home/punosie/turtlebot3_ws/install/turtlebot3_gazebo:/home/punosie/turtlebot3_ws/install/turtlebot3_cartographer:/home/punosie/turtlebot3_ws/install/softbot_description:/home/punosie/turtlebot3_ws/install/dynamixel_sdk_examples:/home/punosie/turtlebot3_ws/install/dynamixel_sdk_custom_interfaces:/home/punosie/turtlebot3_ws/install/turtlebot3_teleop:/home/punosie/turtlebot3_ws/install/turtlebot3_example:/opt/ros/humble LD_LIBRARY_PATH=/home/punosie/turtlebot3_ws/install/turtlebot3_msgs/lib:/home/punosie/turtlebot3_ws/install/dynamixel_sdk/lib:/home/punosie/turtlebot3_ws/install/dynamixel_sdk_custom_interfaces/lib:/usr/lib/x86_64-linux-gnu/gazebo-11/plugins:/opt/ros/humble/opt/rviz_ogre_vendor/lib:/opt/ros/humble/lib/x86_64-linux-gnu:/opt/ros/humble/lib:/usr/lib/x86_64-linux-gnu/gazebo-11/plugins /usr/bin/cmake /home/punosie/turtlebot3_ws/src/turtlebot3/turtlebot3_bringup -DCMAKE_INSTALL_PREFIX=/home/punosie/turtlebot3_ws/install/turtlebot3_bringup
[0.101s] -- The C compiler identification is GNU 11.4.0
[0.180s] -- The CXX compiler identification is GNU 11.4.0
[0.190s] -- Detecting C compiler ABI info
[0.289s] -- Detecting C compiler ABI info - done
[0.302s] -- Check for working C compiler: /usr/bin/cc - skipped
[0.303s] -- Detecting C compile features
[0.303s] -- Detecting C compile features - done
[0.308s] -- Detecting CXX compiler ABI info
[0.418s] -- Detecting CXX compiler ABI info - done
[0.432s] -- Check for working CXX compiler: /usr/bin/c++ - skipped
[0.433s] -- Detecting CXX compile features
[0.433s] -- Detecting CXX compile features - done
[0.438s] -- Found ament_cmake: 1.3.11 (/opt/ros/humble/share/ament_cmake/cmake)
[0.664s] -- Found Python3: /usr/bin/python3 (found version "3.10.12") found components: Interpreter 
[0.892s] -- Configuring done
[0.895s] -- Generating done
[0.897s] -- Build files have been written to: /home/punosie/turtlebot3_ws/build/turtlebot3_bringup
[0.904s] Invoked command in '/home/punosie/turtlebot3_ws/build/turtlebot3_bringup' returned '0': CMAKE_PREFIX_PATH=/home/punosie/turtlebot3_ws/install/turtlebot3_node:/home/punosie/turtlebot3_ws/install/turtlebot3_msgs:/home/punosie/turtlebot3_ws/install/turtlebot3_description:/home/punosie/turtlebot3_ws/install/dynamixel_sdk:/home/punosie/turtlebot3_ws/install/turtlebot3:/home/punosie/turtlebot3_ws/install/turtlebot3_simulations:/home/punosie/turtlebot3_ws/install/turtlebot3_bringup:/home/punosie/turtlebot3_ws/install/turtlebot3_navigation2:/home/punosie/turtlebot3_ws/install/turtlebot3_fake_node:/home/punosie/turtlebot3_ws/install/turtlebot3_gazebo:/home/punosie/turtlebot3_ws/install/turtlebot3_cartographer:/home/punosie/turtlebot3_ws/install/softbot_description:/home/punosie/turtlebot3_ws/install/dynamixel_sdk_examples:/home/punosie/turtlebot3_ws/install/dynamixel_sdk_custom_interfaces:/home/punosie/turtlebot3_ws/install/turtlebot3_teleop:/home/punosie/turtlebot3_ws/install/turtlebot3_example:/opt/ros/humble LD_LIBRARY_PATH=/home/punosie/turtlebot3_ws/install/turtlebot3_msgs/lib:/home/punosie/turtlebot3_ws/install/dynamixel_sdk/lib:/home/punosie/turtlebot3_ws/install/dynamixel_sdk_custom_interfaces/lib:/usr/lib/x86_64-linux-gnu/gazebo-11/plugins:/opt/ros/humble/opt/rviz_ogre_vendor/lib:/opt/ros/humble/lib/x86_64-linux-gnu:/opt/ros/humble/lib:/usr/lib/x86_64-linux-gnu/gazebo-11/plugins /usr/bin/cmake /home/punosie/turtlebot3_ws/src/turtlebot3/turtlebot3_bringup -DCMAKE_INSTALL_PREFIX=/home/punosie/turtlebot3_ws/install/turtlebot3_bringup
[0.905s] Invoking command in '/home/punosie/turtlebot3_ws/build/turtlebot3_bringup': CMAKE_PREFIX_PATH=/home/punosie/turtlebot3_ws/install/turtlebot3_node:/home/punosie/turtlebot3_ws/install/turtlebot3_msgs:/home/punosie/turtlebot3_ws/install/turtlebot3_description:/home/punosie/turtlebot3_ws/install/dynamixel_sdk:/home/punosie/turtlebot3_ws/install/turtlebot3:/home/punosie/turtlebot3_ws/install/turtlebot3_simulations:/home/punosie/turtlebot3_ws/install/turtlebot3_bringup:/home/punosie/turtlebot3_ws/install/turtlebot3_navigation2:/home/punosie/turtlebot3_ws/install/turtlebot3_fake_node:/home/punosie/turtlebot3_ws/install/turtlebot3_gazebo:/home/punosie/turtlebot3_ws/install/turtlebot3_cartographer:/home/punosie/turtlebot3_ws/install/softbot_description:/home/punosie/turtlebot3_ws/install/dynamixel_sdk_examples:/home/punosie/turtlebot3_ws/install/dynamixel_sdk_custom_interfaces:/home/punosie/turtlebot3_ws/install/turtlebot3_teleop:/home/punosie/turtlebot3_ws/install/turtlebot3_example:/opt/ros/humble LD_LIBRARY_PATH=/home/punosie/turtlebot3_ws/install/turtlebot3_msgs/lib:/home/punosie/turtlebot3_ws/install/dynamixel_sdk/lib:/home/punosie/turtlebot3_ws/install/dynamixel_sdk_custom_interfaces/lib:/usr/lib/x86_64-linux-gnu/gazebo-11/plugins:/opt/ros/humble/opt/rviz_ogre_vendor/lib:/opt/ros/humble/lib/x86_64-linux-gnu:/opt/ros/humble/lib:/usr/lib/x86_64-linux-gnu/gazebo-11/plugins /usr/bin/cmake --build /home/punosie/turtlebot3_ws/build/turtlebot3_bringup -- -j12 -l12
[0.958s] Invoked command in '/home/punosie/turtlebot3_ws/build/turtlebot3_bringup' returned '0': CMAKE_PREFIX_PATH=/home/punosie/turtlebot3_ws/install/turtlebot3_node:/home/punosie/turtlebot3_ws/install/turtlebot3_msgs:/home/punosie/turtlebot3_ws/install/turtlebot3_description:/home/punosie/turtlebot3_ws/install/dynamixel_sdk:/home/punosie/turtlebot3_ws/install/turtlebot3:/home/punosie/turtlebot3_ws/install/turtlebot3_simulations:/home/punosie/turtlebot3_ws/install/turtlebot3_bringup:/home/punosie/turtlebot3_ws/install/turtlebot3_navigation2:/home/punosie/turtlebot3_ws/install/turtlebot3_fake_node:/home/punosie/turtlebot3_ws/install/turtlebot3_gazebo:/home/punosie/turtlebot3_ws/install/turtlebot3_cartographer:/home/punosie/turtlebot3_ws/install/softbot_description:/home/punosie/turtlebot3_ws/install/dynamixel_sdk_examples:/home/punosie/turtlebot3_ws/install/dynamixel_sdk_custom_interfaces:/home/punosie/turtlebot3_ws/install/turtlebot3_teleop:/home/punosie/turtlebot3_ws/install/turtlebot3_example:/opt/ros/humble LD_LIBRARY_PATH=/home/punosie/turtlebot3_ws/install/turtlebot3_msgs/lib:/home/punosie/turtlebot3_ws/install/dynamixel_sdk/lib:/home/punosie/turtlebot3_ws/install/dynamixel_sdk_custom_interfaces/lib:/usr/lib/x86_64-linux-gnu/gazebo-11/plugins:/opt/ros/humble/opt/rviz_ogre_vendor/lib:/opt/ros/humble/lib/x86_64-linux-gnu:/opt/ros/humble/lib:/usr/lib/x86_64-linux-gnu/gazebo-11/plugins /usr/bin/cmake --build /home/punosie/turtlebot3_ws/build/turtlebot3_bringup -- -j12 -l12
[0.960s] Invoking command in '/home/punosie/turtlebot3_ws/build/turtlebot3_bringup': CMAKE_PREFIX_PATH=/home/punosie/turtlebot3_ws/install/turtlebot3_node:/home/punosie/turtlebot3_ws/install/turtlebot3_msgs:/home/punosie/turtlebot3_ws/install/turtlebot3_description:/home/punosie/turtlebot3_ws/install/dynamixel_sdk:/home/punosie/turtlebot3_ws/install/turtlebot3:/home/punosie/turtlebot3_ws/install/turtlebot3_simulations:/home/punosie/turtlebot3_ws/install/turtlebot3_bringup:/home/punosie/turtlebot3_ws/install/turtlebot3_navigation2:/home/punosie/turtlebot3_ws/install/turtlebot3_fake_node:/home/punosie/turtlebot3_ws/install/turtlebot3_gazebo:/home/punosie/turtlebot3_ws/install/turtlebot3_cartographer:/home/punosie/turtlebot3_ws/install/softbot_description:/home/punosie/turtlebot3_ws/install/dynamixel_sdk_examples:/home/punosie/turtlebot3_ws/install/dynamixel_sdk_custom_interfaces:/home/punosie/turtlebot3_ws/install/turtlebot3_teleop:/home/punosie/turtlebot3_ws/install/turtlebot3_example:/opt/ros/humble LD_LIBRARY_PATH=/home/punosie/turtlebot3_ws/install/turtlebot3_msgs/lib:/home/punosie/turtlebot3_ws/install/dynamixel_sdk/lib:/home/punosie/turtlebot3_ws/install/dynamixel_sdk_custom_interfaces/lib:/usr/lib/x86_64-linux-gnu/gazebo-11/plugins:/opt/ros/humble/opt/rviz_ogre_vendor/lib:/opt/ros/humble/lib/x86_64-linux-gnu:/opt/ros/humble/lib:/usr/lib/x86_64-linux-gnu/gazebo-11/plugins /usr/bin/cmake --install /home/punosie/turtlebot3_ws/build/turtlebot3_bringup
[0.970s] -- Install configuration: ""
[0.970s] -- Installing: /home/punosie/turtlebot3_ws/install/turtlebot3_bringup/share/turtlebot3_bringup/launch
[0.971s] -- Installing: /home/punosie/turtlebot3_ws/install/turtlebot3_bringup/share/turtlebot3_bringup/launch/robot.launch.py
[0.971s] -- Installing: /home/punosie/turtlebot3_ws/install/turtlebot3_bringup/share/turtlebot3_bringup/launch/turtlebot3_state_publisher.launch.py
[0.971s] -- Installing: /home/punosie/turtlebot3_ws/install/turtlebot3_bringup/share/turtlebot3_bringup/launch/rviz2.launch.py
[0.971s] -- Installing: /home/punosie/turtlebot3_ws/install/turtlebot3_bringup/share/turtlebot3_bringup/param
[0.972s] -- Installing: /home/punosie/turtlebot3_ws/install/turtlebot3_bringup/share/turtlebot3_bringup/param/waffle.yaml
[0.972s] -- Installing: /home/punosie/turtlebot3_ws/install/turtlebot3_bringup/share/turtlebot3_bringup/param/burger.yaml
[0.972s] -- Installing: /home/punosie/turtlebot3_ws/install/turtlebot3_bringup/share/turtlebot3_bringup/param/humble
[0.972s] -- Installing: /home/punosie/turtlebot3_ws/install/turtlebot3_bringup/share/turtlebot3_bringup/param/humble/waffle.yaml
[0.972s] -- Installing: /home/punosie/turtlebot3_ws/install/turtlebot3_bringup/share/turtlebot3_bringup/param/humble/burger.yaml
[0.973s] -- Installing: /home/punosie/turtlebot3_ws/install/turtlebot3_bringup/share/turtlebot3_bringup/param/humble/waffle_pi.yaml
[0.973s] -- Installing: /home/punosie/turtlebot3_ws/install/turtlebot3_bringup/share/turtlebot3_bringup/param/waffle_pi.yaml
[0.973s] -- Installing: /home/punosie/turtlebot3_ws/install/turtlebot3_bringup/share/turtlebot3_bringup/script
[0.973s] -- Installing: /home/punosie/turtlebot3_ws/install/turtlebot3_bringup/share/turtlebot3_bringup/script/99-turtlebot3-cdc.rules
[0.973s] -- Installing: /home/punosie/turtlebot3_ws/install/turtlebot3_bringup/share/turtlebot3_bringup/script/create_udev_rules
[0.974s] -- Installing: /home/punosie/turtlebot3_ws/install/turtlebot3_bringup/share/ament_index/resource_index/package_run_dependencies/turtlebot3_bringup
[0.974s] -- Installing: /home/punosie/turtlebot3_ws/install/turtlebot3_bringup/share/ament_index/resource_index/parent_prefix_path/turtlebot3_bringup
[0.974s] -- Installing: /home/punosie/turtlebot3_ws/install/turtlebot3_bringup/share/turtlebot3_bringup/environment/ament_prefix_path.sh
[0.974s] -- Installing: /home/punosie/turtlebot3_ws/install/turtlebot3_bringup/share/turtlebot3_bringup/environment/ament_prefix_path.dsv
[0.974s] -- Installing: /home/punosie/turtlebot3_ws/install/turtlebot3_bringup/share/turtlebot3_bringup/environment/path.sh
[0.974s] -- Installing: /home/punosie/turtlebot3_ws/install/turtlebot3_bringup/share/turtlebot3_bringup/environment/path.dsv
[0.975s] -- Installing: /home/punosie/turtlebot3_ws/install/turtlebot3_bringup/share/turtlebot3_bringup/local_setup.bash
[0.975s] -- Installing: /home/punosie/turtlebot3_ws/install/turtlebot3_bringup/share/turtlebot3_bringup/local_setup.sh
[0.975s] -- Installing: /home/punosie/turtlebot3_ws/install/turtlebot3_bringup/share/turtlebot3_bringup/local_setup.zsh
[0.975s] -- Installing: /home/punosie/turtlebot3_ws/install/turtlebot3_bringup/share/turtlebot3_bringup/local_setup.dsv
[0.975s] -- Installing: /home/punosie/turtlebot3_ws/install/turtlebot3_bringup/share/turtlebot3_bringup/package.dsv
[0.975s] -- Installing: /home/punosie/turtlebot3_ws/install/turtlebot3_bringup/share/ament_index/resource_index/packages/turtlebot3_bringup
[0.975s] -- Installing: /home/punosie/turtlebot3_ws/install/turtlebot3_bringup/share/turtlebot3_bringup/cmake/turtlebot3_bringupConfig.cmake
[0.976s] -- Installing: /home/punosie/turtlebot3_ws/install/turtlebot3_bringup/share/turtlebot3_bringup/cmake/turtlebot3_bringupConfig-version.cmake
[0.976s] -- Installing: /home/punosie/turtlebot3_ws/install/turtlebot3_bringup/share/turtlebot3_bringup/package.xml
[0.978s] Invoked command in '/home/punosie/turtlebot3_ws/build/turtlebot3_bringup' returned '0': CMAKE_PREFIX_PATH=/home/punosie/turtlebot3_ws/install/turtlebot3_node:/home/punosie/turtlebot3_ws/install/turtlebot3_msgs:/home/punosie/turtlebot3_ws/install/turtlebot3_description:/home/punosie/turtlebot3_ws/install/dynamixel_sdk:/home/punosie/turtlebot3_ws/install/turtlebot3:/home/punosie/turtlebot3_ws/install/turtlebot3_simulations:/home/punosie/turtlebot3_ws/install/turtlebot3_bringup:/home/punosie/turtlebot3_ws/install/turtlebot3_navigation2:/home/punosie/turtlebot3_ws/install/turtlebot3_fake_node:/home/punosie/turtlebot3_ws/install/turtlebot3_gazebo:/home/punosie/turtlebot3_ws/install/turtlebot3_cartographer:/home/punosie/turtlebot3_ws/install/softbot_description:/home/punosie/turtlebot3_ws/install/dynamixel_sdk_examples:/home/punosie/turtlebot3_ws/install/dynamixel_sdk_custom_interfaces:/home/punosie/turtlebot3_ws/install/turtlebot3_teleop:/home/punosie/turtlebot3_ws/install/turtlebot3_example:/opt/ros/humble LD_LIBRARY_PATH=/home/punosie/turtlebot3_ws/install/turtlebot3_msgs/lib:/home/punosie/turtlebot3_ws/install/dynamixel_sdk/lib:/home/punosie/turtlebot3_ws/install/dynamixel_sdk_custom_interfaces/lib:/usr/lib/x86_64-linux-gnu/gazebo-11/plugins:/opt/ros/humble/opt/rviz_ogre_vendor/lib:/opt/ros/humble/lib/x86_64-linux-gnu:/opt/ros/humble/lib:/usr/lib/x86_64-linux-gnu/gazebo-11/plugins /usr/bin/cmake --install /home/punosie/turtlebot3_ws/build/turtlebot3_bringup
